[+] Containers:
 |- [+] Container: /Game/ClassShooterAssets/Maps/Arena
 |   |- [+] ActorDescs:
 |   |   |- Guid:173076C0459C7339AE152B9502C9FB43 BaseClass: NativeClass:/Script/Engine.PostProcessVolume Name:PostProcessVolume_0 Label:PostProcessVolume SpatiallyLoaded:0 Bounds:IsValid=true, Min=(X=0.000 Y=0.000 Z=400.000), Max=(X=200.000 Y=200.000 Z=600.000) RuntimeGrid:None EditorOnly:0 RuntimeOnly:0 HLODRelevant:0 ListedInSceneOutliner:1 IsMainWorldOnly:0 FolderPath:Lighting FolderGuid:D9E1224C415FCB205E4105B3245ADAAB
 |   |   |- Guid:20C95AB1420E9ADD81816EB10EF9024A BaseClass: NativeClass:/Script/Engine.DirectionalLight Name:DirectionalLight_0 Label:DirectionalLight SpatiallyLoaded:0 Bounds:Invalid RuntimeGrid:None EditorOnly:0 RuntimeOnly:0 HLODRelevant:0 ListedInSceneOutliner:1 IsMainWorldOnly:0 FolderPath:Lighting FolderGuid:D9E1224C415FCB205E4105B3245ADAAB
 |   |   |- Guid:74DD95F14AC70BE0C480CFA96155C25F BaseClass: NativeClass:/Script/Engine.ExponentialHeightFog Name:ExponentialHeightFog_0 Label:ExponentialHeightFog SpatiallyLoaded:0 Bounds:IsValid=true, Min=(X=-5600.000 Y=-50.000 Z=-6850.000), Max=(X=-5600.000 Y=-50.000 Z=-6850.000) RuntimeGrid:None EditorOnly:0 RuntimeOnly:0 HLODRelevant:0 ListedInSceneOutliner:1 IsMainWorldOnly:0 FolderPath:Lighting FolderGuid:D9E1224C415FCB205E4105B3245ADAAB
 |   |   |- Guid:7C7C454541B15FFE57F5D99FA2C0AB47 BaseClass: NativeClass:/Script/Engine.StaticMeshActor Name:StaticMeshActor_UAID_A4AE111137DC5FFB00_1159438599 Label:SM_SkySphere SpatiallyLoaded:0 Bounds:IsValid=true, Min=(X=-1638400.000 Y=-1638400.000 Z=-1638400.000), Max=(X=1638400.000 Y=1638400.000 Z=1638400.000) RuntimeGrid:None EditorOnly:0 RuntimeOnly:0 HLODRelevant:0 ListedInSceneOutliner:1 IsMainWorldOnly:0 FolderPath:Lighting FolderGuid:D9E1224C415FCB205E4105B3245ADAAB
 |   |   |- Guid:7CA68B4E42867980C2D7668BED6B145E BaseClass: NativeClass:/Script/Engine.PlayerStart Name:PlayerStart_0 Label:PlayerStart SpatiallyLoaded:0 Bounds:IsValid=true, Min=(X=551.255 Y=1346.050 Z=266.098), Max=(X=631.255 Y=1426.050 Z=450.098) RuntimeGrid:None EditorOnly:0 RuntimeOnly:0 HLODRelevant:0 ListedInSceneOutliner:1 IsMainWorldOnly:0
 |   |   |- Guid:9C797D674BAB9A4E9FAA729BDE340E54 BaseClass: NativeClass:/Script/Engine.StaticMeshActor Name:StaticMeshActor_UAID_04BF1B6710830D6402_1432563384 Label:Arena SpatiallyLoaded:1 Bounds:IsValid=true, Min=(X=-2109.558 Y=-2360.932 Z=-0.002), Max=(X=3890.442 Y=3639.068 Z=2199.998) RuntimeGrid:None EditorOnly:0 RuntimeOnly:0 HLODRelevant:1 ListedInSceneOutliner:1 IsMainWorldOnly:0
 |   |   |- Guid:A5FC04CC47FEB6A9C520B19485D2BF19 BaseClass: NativeClass:/Script/Engine.WorldDataLayers Name:WorldDataLayers Label:WorldDataLayers-1 SpatiallyLoaded:0 Bounds:Invalid RuntimeGrid:None EditorOnly:0 RuntimeOnly:0 HLODRelevant:0 ListedInSceneOutliner:1 IsMainWorldOnly:1
 |   |   |- Guid:A718495C4AD077FEF879B5A73D2D5282 BaseClass: NativeClass:/Script/Engine.SkyAtmosphere Name:SkyAtmosphere_0 Label:SkyAtmosphere SpatiallyLoaded:0 Bounds:IsValid=true, Min=(X=0.000 Y=0.000 Z=1020.000), Max=(X=0.000 Y=0.000 Z=1020.000) RuntimeGrid:None EditorOnly:0 RuntimeOnly:0 HLODRelevant:0 ListedInSceneOutliner:1 IsMainWorldOnly:0 FolderPath:Lighting FolderGuid:D9E1224C415FCB205E4105B3245ADAAB
 |   |   |- Guid:B916D16E4D6EAE0AE7133C8B9852CF81 BaseClass: NativeClass:/Script/Engine.SkyLight Name:SkyLight_0 Label:SkyLight SpatiallyLoaded:0 Bounds:IsValid=true, Min=(X=0.000 Y=0.000 Z=690.000), Max=(X=0.000 Y=0.000 Z=690.000) RuntimeGrid:None EditorOnly:0 RuntimeOnly:0 HLODRelevant:0 ListedInSceneOutliner:1 IsMainWorldOnly:0 FolderPath:Lighting FolderGuid:D9E1224C415FCB205E4105B3245ADAAB
 |   |   |- Guid:CAB8492C423F5031ED09FDB6142104C7 BaseClass: NativeClass:/Script/Engine.TextRenderActor Name:TextRenderActor_0 Label:TextRenderActor SpatiallyLoaded:1 Bounds:IsValid=true, Min=(X=-0.100 Y=1100.000 Z=65.013), Max=(X=-0.100 Y=2363.461 Z=215.013) RuntimeGrid:None EditorOnly:0 RuntimeOnly:0 HLODRelevant:0 ListedInSceneOutliner:1 IsMainWorldOnly:0
 |   |   |- Guid:E4BCD7F648D500328F9C0EAFA5EC306D BaseClass: NativeClass:/Script/Engine.StaticMeshActor Name:StaticMeshActor_UAID_04BF1B6710830D6402_1539777385 Label:Stairs SpatiallyLoaded:1 Bounds:IsValid=true, Min=(X=-1909.558 Y=-2160.932 Z=199.998), Max=(X=3690.444 Y=3439.069 Z=1199.998) RuntimeGrid:None EditorOnly:0 RuntimeOnly:0 HLODRelevant:1 ListedInSceneOutliner:1 IsMainWorldOnly:0 Parent:9C797D674BAB9A4E9FAA729BDE340E54
 |   |   |- Guid:EE2F24C2486E76BD241495A52FCB6DC3 BaseClass: NativeClass:/Script/Engine.VolumetricCloud Name:VolumetricCloud_0 Label:VolumetricCloud SpatiallyLoaded:0 Bounds:IsValid=true, Min=(X=0.000 Y=0.000 Z=820.000), Max=(X=0.000 Y=0.000 Z=820.000) RuntimeGrid:None EditorOnly:0 RuntimeOnly:0 HLODRelevant:0 ListedInSceneOutliner:1 IsMainWorldOnly:0 FolderPath:Lighting FolderGuid:D9E1224C415FCB205E4105B3245ADAAB
 |   |   |- Guid:F428C46C46D23878478388B7A28920E7 BaseClass: NativeClass:/Script/Engine.StaticMeshActor Name:StaticMeshActor_0 Label:SM_Cube SpatiallyLoaded:1 Bounds:IsValid=true, Min=(X=0.000 Y=0.000 Z=-50.000), Max=(X=3000.000 Y=3500.000 Z=0.000) RuntimeGrid:None EditorOnly:0 RuntimeOnly:0 HLODRelevant:1 ListedInSceneOutliner:1 IsMainWorldOnly:0 FolderPath:Playground FolderGuid:CDC3EA2D424DF73175D386948543BF31
 |   |- [+] Clusters:
 |   |   |- [+] [  0]
 |   |   |   |- Guid:173076C0459C7339AE152B9502C9FB43 BaseClass: NativeClass:/Script/Engine.PostProcessVolume Name:PostProcessVolume_0 Label:PostProcessVolume SpatiallyLoaded:0 Bounds:IsValid=true, Min=(X=0.000 Y=0.000 Z=400.000), Max=(X=200.000 Y=200.000 Z=600.000) RuntimeGrid:None EditorOnly:0 RuntimeOnly:0 HLODRelevant:0 ListedInSceneOutliner:1 IsMainWorldOnly:0 FolderPath:Lighting FolderGuid:D9E1224C415FCB205E4105B3245ADAAB
 |   |   |- [+] [  1]
 |   |   |   |- Guid:20C95AB1420E9ADD81816EB10EF9024A BaseClass: NativeClass:/Script/Engine.DirectionalLight Name:DirectionalLight_0 Label:DirectionalLight SpatiallyLoaded:0 Bounds:Invalid RuntimeGrid:None EditorOnly:0 RuntimeOnly:0 HLODRelevant:0 ListedInSceneOutliner:1 IsMainWorldOnly:0 FolderPath:Lighting FolderGuid:D9E1224C415FCB205E4105B3245ADAAB
 |   |   |- [+] [  2]
 |   |   |   |- Guid:74DD95F14AC70BE0C480CFA96155C25F BaseClass: NativeClass:/Script/Engine.ExponentialHeightFog Name:ExponentialHeightFog_0 Label:ExponentialHeightFog SpatiallyLoaded:0 Bounds:IsValid=true, Min=(X=-5600.000 Y=-50.000 Z=-6850.000), Max=(X=-5600.000 Y=-50.000 Z=-6850.000) RuntimeGrid:None EditorOnly:0 RuntimeOnly:0 HLODRelevant:0 ListedInSceneOutliner:1 IsMainWorldOnly:0 FolderPath:Lighting FolderGuid:D9E1224C415FCB205E4105B3245ADAAB
 |   |   |- [+] [  3]
 |   |   |   |- Guid:7C7C454541B15FFE57F5D99FA2C0AB47 BaseClass: NativeClass:/Script/Engine.StaticMeshActor Name:StaticMeshActor_UAID_A4AE111137DC5FFB00_1159438599 Label:SM_SkySphere SpatiallyLoaded:0 Bounds:IsValid=true, Min=(X=-1638400.000 Y=-1638400.000 Z=-1638400.000), Max=(X=1638400.000 Y=1638400.000 Z=1638400.000) RuntimeGrid:None EditorOnly:0 RuntimeOnly:0 HLODRelevant:0 ListedInSceneOutliner:1 IsMainWorldOnly:0 FolderPath:Lighting FolderGuid:D9E1224C415FCB205E4105B3245ADAAB
 |   |   |- [+] [  4]
 |   |   |   |- Guid:7CA68B4E42867980C2D7668BED6B145E BaseClass: NativeClass:/Script/Engine.PlayerStart Name:PlayerStart_0 Label:PlayerStart SpatiallyLoaded:0 Bounds:IsValid=true, Min=(X=551.255 Y=1346.050 Z=266.098), Max=(X=631.255 Y=1426.050 Z=450.098) RuntimeGrid:None EditorOnly:0 RuntimeOnly:0 HLODRelevant:0 ListedInSceneOutliner:1 IsMainWorldOnly:0
 |   |   |- [+] [  5]
 |   |   |   |- Guid:9C797D674BAB9A4E9FAA729BDE340E54 BaseClass: NativeClass:/Script/Engine.StaticMeshActor Name:StaticMeshActor_UAID_04BF1B6710830D6402_1432563384 Label:Arena SpatiallyLoaded:1 Bounds:IsValid=true, Min=(X=-2109.558 Y=-2360.932 Z=-0.002), Max=(X=3890.442 Y=3639.068 Z=2199.998) RuntimeGrid:None EditorOnly:0 RuntimeOnly:0 HLODRelevant:1 ListedInSceneOutliner:1 IsMainWorldOnly:0
 |   |   |   |- Guid:E4BCD7F648D500328F9C0EAFA5EC306D BaseClass: NativeClass:/Script/Engine.StaticMeshActor Name:StaticMeshActor_UAID_04BF1B6710830D6402_1539777385 Label:Stairs SpatiallyLoaded:1 Bounds:IsValid=true, Min=(X=-1909.558 Y=-2160.932 Z=199.998), Max=(X=3690.444 Y=3439.069 Z=1199.998) RuntimeGrid:None EditorOnly:0 RuntimeOnly:0 HLODRelevant:1 ListedInSceneOutliner:1 IsMainWorldOnly:0 Parent:9C797D674BAB9A4E9FAA729BDE340E54
 |   |   |- [+] [  6]
 |   |   |   |- Guid:A5FC04CC47FEB6A9C520B19485D2BF19 BaseClass: NativeClass:/Script/Engine.WorldDataLayers Name:WorldDataLayers Label:WorldDataLayers-1 SpatiallyLoaded:0 Bounds:Invalid RuntimeGrid:None EditorOnly:0 RuntimeOnly:0 HLODRelevant:0 ListedInSceneOutliner:1 IsMainWorldOnly:1
 |   |   |- [+] [  7]
 |   |   |   |- Guid:A718495C4AD077FEF879B5A73D2D5282 BaseClass: NativeClass:/Script/Engine.SkyAtmosphere Name:SkyAtmosphere_0 Label:SkyAtmosphere SpatiallyLoaded:0 Bounds:IsValid=true, Min=(X=0.000 Y=0.000 Z=1020.000), Max=(X=0.000 Y=0.000 Z=1020.000) RuntimeGrid:None EditorOnly:0 RuntimeOnly:0 HLODRelevant:0 ListedInSceneOutliner:1 IsMainWorldOnly:0 FolderPath:Lighting FolderGuid:D9E1224C415FCB205E4105B3245ADAAB
 |   |   |- [+] [  8]
 |   |   |   |- Guid:B916D16E4D6EAE0AE7133C8B9852CF81 BaseClass: NativeClass:/Script/Engine.SkyLight Name:SkyLight_0 Label:SkyLight SpatiallyLoaded:0 Bounds:IsValid=true, Min=(X=0.000 Y=0.000 Z=690.000), Max=(X=0.000 Y=0.000 Z=690.000) RuntimeGrid:None EditorOnly:0 RuntimeOnly:0 HLODRelevant:0 ListedInSceneOutliner:1 IsMainWorldOnly:0 FolderPath:Lighting FolderGuid:D9E1224C415FCB205E4105B3245ADAAB
 |   |   |- [+] [  9]
 |   |   |   |- Guid:CAB8492C423F5031ED09FDB6142104C7 BaseClass: NativeClass:/Script/Engine.TextRenderActor Name:TextRenderActor_0 Label:TextRenderActor SpatiallyLoaded:1 Bounds:IsValid=true, Min=(X=-0.100 Y=1100.000 Z=65.013), Max=(X=-0.100 Y=2363.461 Z=215.013) RuntimeGrid:None EditorOnly:0 RuntimeOnly:0 HLODRelevant:0 ListedInSceneOutliner:1 IsMainWorldOnly:0
 |   |   |- [+] [ 10]
 |   |   |   |- Guid:EE2F24C2486E76BD241495A52FCB6DC3 BaseClass: NativeClass:/Script/Engine.VolumetricCloud Name:VolumetricCloud_0 Label:VolumetricCloud SpatiallyLoaded:0 Bounds:IsValid=true, Min=(X=0.000 Y=0.000 Z=820.000), Max=(X=0.000 Y=0.000 Z=820.000) RuntimeGrid:None EditorOnly:0 RuntimeOnly:0 HLODRelevant:0 ListedInSceneOutliner:1 IsMainWorldOnly:0 FolderPath:Lighting FolderGuid:D9E1224C415FCB205E4105B3245ADAAB
 |   |   |- [+] [ 11]
 |   |   |   |- Guid:F428C46C46D23878478388B7A28920E7 BaseClass: NativeClass:/Script/Engine.StaticMeshActor Name:StaticMeshActor_0 Label:SM_Cube SpatiallyLoaded:1 Bounds:IsValid=true, Min=(X=0.000 Y=0.000 Z=-50.000), Max=(X=3000.000 Y=3500.000 Z=0.000) RuntimeGrid:None EditorOnly:0 RuntimeOnly:0 HLODRelevant:1 ListedInSceneOutliner:1 IsMainWorldOnly:0 FolderPath:Playground FolderGuid:CDC3EA2D424DF73175D386948543BF31
 |- ContainerInstances:
 |- [+] MainContainer:
 |   |-        ID: 00000000000000000000000000000000
 |   |-  ParentID: 00000000000000000000000000000000
 |   |-    Bounds: IsValid=false, Min=(X=0.000 Y=0.000 Z=0.000), Max=(X=0.000 Y=0.000 Z=0.000)
 |   |- Transform: 0.000000,0.000000,0.000000|0.000000,0.000000,-0.000000|1.000000,1.000000,1.000000
 |   |- Container: /Game/ClassShooterAssets/Maps/Arena
----------------------------------------------------------------------------------------------------------------
Arena - Persistent Level
----------------------------------------------------------------------------------------------------------------
[+] Content of Arena Persistent Level
 |- Always loaded Actor Count: 13 
 |- Actor Path: /Game/ClassShooterAssets/Maps/Arena.Arena:PersistentLevel.DirectionalLight_0
 |- Actor Package: /Game/__ExternalActors__/ClassShooterAssets/Maps/Arena/6/GQ/MTZM8IHAXCD66ATD4Q6AP5
 |- Actor Path: /Game/ClassShooterAssets/Maps/Arena.Arena:PersistentLevel.ExponentialHeightFog_0
 |- Actor Package: /Game/__ExternalActors__/ClassShooterAssets/Maps/Arena/D/RB/4FROV6ME14VXP1NPCN5B1T
 |- Actor Path: /Game/ClassShooterAssets/Maps/Arena.Arena:PersistentLevel.PlayerStart_0
 |- Actor Package: /Game/__ExternalActors__/ClassShooterAssets/Maps/Arena/4/WN/XN7EAWV6DJZFT6Z0V72IA3
 |- Actor Path: /Game/ClassShooterAssets/Maps/Arena.Arena:PersistentLevel.PostProcessVolume_0
 |- Actor Package: /Game/__ExternalActors__/ClassShooterAssets/Maps/Arena/4/UQ/SF1L9MJINA9W69O7TFNIEM
 |- Actor Path: /Game/ClassShooterAssets/Maps/Arena.Arena:PersistentLevel.SkyAtmosphere_0
 |- Actor Package: /Game/__ExternalActors__/ClassShooterAssets/Maps/Arena/C/F7/RC42VS2BDTDIVFNCUT1KHF
 |- Actor Path: /Game/ClassShooterAssets/Maps/Arena.Arena:PersistentLevel.SkyLight_0
 |- Actor Package: /Game/__ExternalActors__/ClassShooterAssets/Maps/Arena/1/T5/06YQ8UT7XFK1G1PLMGL9RC
 |- Actor Path: /Game/ClassShooterAssets/Maps/Arena.Arena:PersistentLevel.StaticMeshActor_0
 |- Actor Package: /Game/__ExternalActors__/ClassShooterAssets/Maps/Arena/5/LX/OCGD8TZ9DNPU88SCRC8NPV
 |- Actor Path: /Game/ClassShooterAssets/Maps/Arena.Arena:PersistentLevel.StaticMeshActor_UAID_04BF1B6710830D6402_1432563384
 |- Actor Package: /Game/__ExternalActors__/ClassShooterAssets/Maps/Arena/0/G0/R8CWS1LOJOV7BU5C920C16
 |- Actor Path: /Game/ClassShooterAssets/Maps/Arena.Arena:PersistentLevel.StaticMeshActor_UAID_04BF1B6710830D6402_1539777385
 |- Actor Package: /Game/__ExternalActors__/ClassShooterAssets/Maps/Arena/E/8J/MHNR5185B9M8BIQSLM7X3P
 |- Actor Path: /Game/ClassShooterAssets/Maps/Arena.Arena:PersistentLevel.StaticMeshActor_UAID_A4AE111137DC5FFB00_1159438599
 |- Actor Package: /Game/__ExternalActors__/ClassShooterAssets/Maps/Arena/C/6C/LUJ1MNT35Q9X04SJDK466F
 |- Actor Path: /Game/ClassShooterAssets/Maps/Arena.Arena:PersistentLevel.TextRenderActor_0
 |- Actor Package: /Game/__ExternalActors__/ClassShooterAssets/Maps/Arena/C/N3/XEJ1JJRL128CLVUVX88LSQ
 |- Actor Path: /Game/ClassShooterAssets/Maps/Arena.Arena:PersistentLevel.VolumetricCloud_0
 |- Actor Package: /Game/__ExternalActors__/ClassShooterAssets/Maps/Arena/E/TL/1MB53JZD3Y5WRQ1OSH3BC4
 |- Actor Path: /Game/ClassShooterAssets/Maps/Arena.Arena:PersistentLevel.WorldDataLayers
 |- Actor Package: /Game/__ExternalActors__/ClassShooterAssets/Maps/Arena/B/JE/AW0IDNAL49UKIDAD0AQ38T

----------------------------------------------------------------------------------------------------------------
Arena - Runtime Hash Set
----------------------------------------------------------------------------------------------------------------

