[+] Containers:
 |- [+] Container: /Game/ClassShooterAssets/Maps/Lobby
 |   |- [+] ActorDescs:
 |   |   |- Guid:0BF5235F4F49C1399C383998325A35DC BaseClass:/Game/ClassShooterAssets/Blueprints/Weapons/BPGrenadeLauncher.BPGrenadeLauncher_C NativeClass:/Script/ClassShooter.GrenadeLauncher Name:BPGrenadeLauncher_C_UAID_04BF1B6710832E6702_1633153361 Label:BPGrenadeLauncher SpatiallyLoaded:1 Bounds:IsValid=true, Min=(X=2898.937 Y=1607.489 Z=41.083), Max=(X=3058.937 Y=1922.080 Z=201.083) RuntimeGrid:None EditorOnly:0 RuntimeOnly:0 HLODRelevant:0 ListedInSceneOutliner:1 IsMainWorldOnly:0
 |   |   |- Guid:161ACB044F01313CBBCF3DAC1DF72715 BaseClass: NativeClass:/Script/Engine.StaticMeshActor Name:StaticMeshActor_0 Label:SM_Cube SpatiallyLoaded:1 Bounds:IsValid=true, Min=(X=0.000 Y=0.000 Z=-50.000), Max=(X=3000.000 Y=3500.000 Z=0.000) RuntimeGrid:None EditorOnly:0 RuntimeOnly:0 HLODRelevant:1 ListedInSceneOutliner:1 IsMainWorldOnly:0 FolderPath:Playground FolderGuid:CDC3EA2D424DF73175D386948543BF31
 |   |   |- Guid:3C342A1844B771475E23F5AC4C5F1447 BaseClass: NativeClass:/Script/Engine.SkyAtmosphere Name:SkyAtmosphere_0 Label:SkyAtmosphere SpatiallyLoaded:0 Bounds:IsValid=true, Min=(X=0.000 Y=0.000 Z=1020.000), Max=(X=0.000 Y=0.000 Z=1020.000) RuntimeGrid:None EditorOnly:0 RuntimeOnly:0 HLODRelevant:0 ListedInSceneOutliner:1 IsMainWorldOnly:0 FolderPath:Lighting FolderGuid:D9E1224C415FCB205E4105B3245ADAAB
 |   |   |- Guid:3D5ADC2E41D6575184758AB0EA1C66BC BaseClass:/Game/ClassShooterAssets/Blueprints/Weapons/BPKnife.BPKnife_C NativeClass:/Script/ClassShooter.Knife Name:BPKnife_C_UAID_04BF1B6710832E6702_1633167363 Label:BPKnife SpatiallyLoaded:1 Bounds:IsValid=true, Min=(X=2899.135 Y=2039.884 Z=26.805), Max=(X=3059.135 Y=2298.104 Z=186.805) RuntimeGrid:None EditorOnly:0 RuntimeOnly:0 HLODRelevant:0 ListedInSceneOutliner:1 IsMainWorldOnly:0
 |   |   |- Guid:45CC9E1A46D65632CD57E283A1E6CA0A BaseClass:/Game/ClassShooterAssets/Blueprints/Weapons/BPRocketLauncher.BPRocketLauncher_C NativeClass:/Script/ClassShooter.RocketLauncher Name:BPRocketLauncher_C_UAID_04BF1B6710832E6702_1633186366 Label:BPRocketLauncher SpatiallyLoaded:1 Bounds:IsValid=true, Min=(X=2899.160 Y=1433.842 Z=42.225), Max=(X=3059.160 Y=1789.953 Z=202.225) RuntimeGrid:None EditorOnly:0 RuntimeOnly:0 HLODRelevant:0 ListedInSceneOutliner:1 IsMainWorldOnly:0
 |   |   |- Guid:53346DF443682197207876AA675F4D31 BaseClass: NativeClass:/Script/Engine.PlayerStart Name:PlayerStart_UAID_BCF4D43E2F2A14C002_1087545775 Label:PlayerStart3 SpatiallyLoaded:0 Bounds:IsValid=true, Min=(X=1353.973 Y=1886.309 Z=0.013), Max=(X=1433.973 Y=1966.309 Z=184.013) RuntimeGrid:None EditorOnly:0 RuntimeOnly:0 HLODRelevant:0 ListedInSceneOutliner:1 IsMainWorldOnly:0
 |   |   |- Guid:681197EC4890D59D8A5F0CAFACD4D8D0 BaseClass:/Game/ClassShooterAssets/Blueprints/Weapons/BPSniperRifle.BPSniperRifle_C NativeClass:/Script/ClassShooter.SniperRifle Name:BPSniperRifle_C_UAID_04BF1B6710832E6702_1633173364 Label:BPSniperRifle SpatiallyLoaded:1 Bounds:IsValid=true, Min=(X=2899.160 Y=1744.525 Z=42.630), Max=(X=3059.160 Y=2095.618 Z=202.630) RuntimeGrid:None EditorOnly:0 RuntimeOnly:0 HLODRelevant:0 ListedInSceneOutliner:1 IsMainWorldOnly:0
 |   |   |- Guid:6D67E63A4993E8CE85835D81D6291A9C BaseClass: NativeClass:/Script/Engine.WorldDataLayers Name:WorldDataLayers Label:WorldDataLayers-1 SpatiallyLoaded:0 Bounds:Invalid RuntimeGrid:None EditorOnly:0 RuntimeOnly:0 HLODRelevant:0 ListedInSceneOutliner:1 IsMainWorldOnly:1
 |   |   |- Guid:73B4376C405D170C442EA49AD077BA6D BaseClass: NativeClass:/Script/Engine.TextRenderActor Name:TextRenderActor_0 Label:TextRenderActor SpatiallyLoaded:1 Bounds:IsValid=true, Min=(X=-0.100 Y=1100.000 Z=65.013), Max=(X=-0.100 Y=2363.461 Z=215.013) RuntimeGrid:None EditorOnly:0 RuntimeOnly:0 HLODRelevant:0 ListedInSceneOutliner:1 IsMainWorldOnly:0
 |   |   |- Guid:74AF625749FCAB9B7C70B6ACD613CAE8 BaseClass: NativeClass:/Script/Engine.StaticMeshActor Name:StaticMeshActor_UAID_04BF1B6710836C5D02_1468245714 Label:SM_Cube4 SpatiallyLoaded:1 Bounds:IsValid=true, Min=(X=2980.262 Y=-0.000 Z=-50.000), Max=(X=3030.262 Y=3500.000 Z=950.000) RuntimeGrid:None EditorOnly:0 RuntimeOnly:0 HLODRelevant:1 ListedInSceneOutliner:1 IsMainWorldOnly:0 FolderPath:Playground FolderGuid:CDC3EA2D424DF73175D386948543BF31
 |   |   |- Guid:8944E45549B035223CC1EC84AC1C53EA BaseClass: NativeClass:/Script/Engine.PlayerStart Name:PlayerStart_UAID_04BF1B671083FB6402_1326770271 Label:PlayerStart2 SpatiallyLoaded:0 Bounds:IsValid=true, Min=(X=1353.973 Y=1532.414 Z=0.013), Max=(X=1433.973 Y=1612.414 Z=184.013) RuntimeGrid:None EditorOnly:0 RuntimeOnly:0 HLODRelevant:0 ListedInSceneOutliner:1 IsMainWorldOnly:0
 |   |   |- Guid:8BE0B6554A39919472BA1DB9576B7736 BaseClass: NativeClass:/Script/Engine.DirectionalLight Name:DirectionalLight_0 Label:DirectionalLight SpatiallyLoaded:0 Bounds:Invalid RuntimeGrid:None EditorOnly:0 RuntimeOnly:0 HLODRelevant:0 ListedInSceneOutliner:1 IsMainWorldOnly:0 FolderPath:Lighting FolderGuid:D9E1224C415FCB205E4105B3245ADAAB
 |   |   |- Guid:B1CB47A54B3B5421DAB6B6AF40D458EE BaseClass: NativeClass:/Script/Engine.PlayerStart Name:PlayerStart_0 Label:PlayerStart SpatiallyLoaded:0 Bounds:IsValid=true, Min=(X=1343.973 Y=1158.729 Z=0.013), Max=(X=1423.973 Y=1238.729 Z=184.013) RuntimeGrid:None EditorOnly:0 RuntimeOnly:0 HLODRelevant:0 ListedInSceneOutliner:1 IsMainWorldOnly:0
 |   |   |- Guid:C8A5D7F742CA6D482465C0B7738CBED3 BaseClass: NativeClass:/Script/Engine.StaticMeshActor Name:StaticMeshActor_UAID_04BF1B6710836C5D02_1403501712 Label:SM_Cube2 SpatiallyLoaded:1 Bounds:IsValid=true, Min=(X=-50.000 Y=0.000 Z=-50.000), Max=(X=0.000 Y=3500.000 Z=950.000) RuntimeGrid:None EditorOnly:0 RuntimeOnly:0 HLODRelevant:1 ListedInSceneOutliner:1 IsMainWorldOnly:0 FolderPath:Playground FolderGuid:CDC3EA2D424DF73175D386948543BF31
 |   |   |- Guid:CABA3A934683CD14CA41249B48C019F7 BaseClass: NativeClass:/Script/Engine.PostProcessVolume Name:PostProcessVolume_0 Label:PostProcessVolume SpatiallyLoaded:0 Bounds:IsValid=true, Min=(X=0.000 Y=0.000 Z=400.000), Max=(X=200.000 Y=200.000 Z=600.000) RuntimeGrid:None EditorOnly:0 RuntimeOnly:0 HLODRelevant:0 ListedInSceneOutliner:1 IsMainWorldOnly:0 FolderPath:Lighting FolderGuid:D9E1224C415FCB205E4105B3245ADAAB
 |   |   |- Guid:CADEF040423E566682DB83B2B84D362A BaseClass: NativeClass:/Script/Engine.VolumetricCloud Name:VolumetricCloud_0 Label:VolumetricCloud SpatiallyLoaded:0 Bounds:IsValid=true, Min=(X=0.000 Y=0.000 Z=820.000), Max=(X=0.000 Y=0.000 Z=820.000) RuntimeGrid:None EditorOnly:0 RuntimeOnly:0 HLODRelevant:0 ListedInSceneOutliner:1 IsMainWorldOnly:0 FolderPath:Lighting FolderGuid:D9E1224C415FCB205E4105B3245ADAAB
 |   |   |- Guid:CAF485C84476D0E18A59C181C957F806 BaseClass:/Game/ClassShooterAssets/Blueprints/Weapons/BPAssaultRifle.BPAssaultRifle_C NativeClass:/Script/ClassShooter.AssaultRifle Name:BPAssaultRifle_C_UAID_04BF1B6710832E6702_1633132360 Label:BPAssaultRifle SpatiallyLoaded:1 Bounds:IsValid=true, Min=(X=2899.160 Y=1305.522 Z=37.742), Max=(X=3059.160 Y=1505.630 Z=197.742) RuntimeGrid:None EditorOnly:0 RuntimeOnly:0 HLODRelevant:0 ListedInSceneOutliner:1 IsMainWorldOnly:0
 |   |   |- Guid:CC9FB97842E4EA08F02ABF9FF02184FF BaseClass: NativeClass:/Script/Engine.PlayerStart Name:PlayerStart_UAID_BCF4D43E2F2A14C002_1089287776 Label:PlayerStart4 SpatiallyLoaded:0 Bounds:IsValid=true, Min=(X=1353.973 Y=2261.922 Z=0.013), Max=(X=1433.973 Y=2341.922 Z=184.013) RuntimeGrid:None EditorOnly:0 RuntimeOnly:0 HLODRelevant:0 ListedInSceneOutliner:1 IsMainWorldOnly:0
 |   |   |- Guid:CD25756847FF9A9F6F053E8BF6050CF8 BaseClass:/Game/ClassShooterAssets/Blueprints/Weapons/BPShotgun.BPShotgun_C NativeClass:/Script/ClassShooter.Shotgun Name:BPShotgun_C_UAID_04BF1B6710832E6702_1633160362 Label:BPShotgun SpatiallyLoaded:1 Bounds:IsValid=true, Min=(X=2899.160 Y=1898.464 Z=38.837), Max=(X=3059.160 Y=2212.703 Z=198.837) RuntimeGrid:None EditorOnly:0 RuntimeOnly:0 HLODRelevant:0 ListedInSceneOutliner:1 IsMainWorldOnly:0
 |   |   |- Guid:D328124B470F95FD91FBFEA4B7783723 BaseClass: NativeClass:/Script/Engine.SkyLight Name:SkyLight_0 Label:SkyLight SpatiallyLoaded:0 Bounds:IsValid=true, Min=(X=0.000 Y=0.000 Z=690.000), Max=(X=0.000 Y=0.000 Z=690.000) RuntimeGrid:None EditorOnly:0 RuntimeOnly:0 HLODRelevant:0 ListedInSceneOutliner:1 IsMainWorldOnly:0 FolderPath:Lighting FolderGuid:D9E1224C415FCB205E4105B3245ADAAB
 |   |   |- Guid:D6DD8E4942073B9641C4669956748517 BaseClass: NativeClass:/Script/Engine.ExponentialHeightFog Name:ExponentialHeightFog_0 Label:ExponentialHeightFog SpatiallyLoaded:0 Bounds:IsValid=true, Min=(X=-5600.000 Y=-50.000 Z=-6850.000), Max=(X=-5600.000 Y=-50.000 Z=-6850.000) RuntimeGrid:None EditorOnly:0 RuntimeOnly:0 HLODRelevant:0 ListedInSceneOutliner:1 IsMainWorldOnly:0 FolderPath:Lighting FolderGuid:D9E1224C415FCB205E4105B3245ADAAB
 |   |   |- Guid:DB538E244B0EAD4E5DDFD99E160DFE30 BaseClass:/Game/ClassShooterAssets/Blueprints/Weapons/BPPistol.BPPistol_C NativeClass:/Script/ClassShooter.Pistol Name:BPPistol_C_UAID_04BF1B6710832E6702_1633180365 Label:BPPistol SpatiallyLoaded:1 Bounds:IsValid=true, Min=(X=2899.135 Y=1182.128 Z=36.486), Max=(X=3059.135 Y=1482.171 Z=196.486) RuntimeGrid:None EditorOnly:0 RuntimeOnly:0 HLODRelevant:0 ListedInSceneOutliner:1 IsMainWorldOnly:0
 |   |   |- Guid:EF2B318449E0EF2F7DBDA9BAFD4A36E4 BaseClass: NativeClass:/Script/Engine.StaticMeshActor Name:StaticMeshActor_UAID_A4AE111137DC5FFB00_1159438599 Label:SM_SkySphere SpatiallyLoaded:0 Bounds:IsValid=true, Min=(X=-1638400.000 Y=-1638400.000 Z=-1638400.000), Max=(X=1638400.000 Y=1638400.000 Z=1638400.000) RuntimeGrid:None EditorOnly:0 RuntimeOnly:0 HLODRelevant:0 ListedInSceneOutliner:1 IsMainWorldOnly:0 FolderPath:Lighting FolderGuid:D9E1224C415FCB205E4105B3245ADAAB
 |   |   |- Guid:F22F88DF46B6F3B1795BC89AFDCFECFA BaseClass: NativeClass:/Script/Engine.StaticMeshActor Name:StaticMeshActor_UAID_04BF1B6710836C5D02_1454232713 Label:SM_Cube3 SpatiallyLoaded:1 Bounds:IsValid=true, Min=(X=-0.000 Y=-0.000 Z=-50.000), Max=(X=3000.000 Y=50.000 Z=950.000) RuntimeGrid:None EditorOnly:0 RuntimeOnly:0 HLODRelevant:1 ListedInSceneOutliner:1 IsMainWorldOnly:0 FolderPath:Playground FolderGuid:CDC3EA2D424DF73175D386948543BF31
 |   |   |- Guid:F6C975EA485AA9F3B41098B191F8D710 BaseClass: NativeClass:/Script/Engine.StaticMeshActor Name:StaticMeshActor_UAID_04BF1B6710836C5D02_1512679715 Label:SM_Cube5 SpatiallyLoaded:1 Bounds:IsValid=true, Min=(X=-0.000 Y=3453.518 Z=-50.000), Max=(X=3000.000 Y=3503.518 Z=950.000) RuntimeGrid:None EditorOnly:0 RuntimeOnly:0 HLODRelevant:1 ListedInSceneOutliner:1 IsMainWorldOnly:0 FolderPath:Playground FolderGuid:CDC3EA2D424DF73175D386948543BF31
 |   |- [+] Clusters:
 |   |   |- [+] [  0]
 |   |   |   |- Guid:0BF5235F4F49C1399C383998325A35DC BaseClass:/Game/ClassShooterAssets/Blueprints/Weapons/BPGrenadeLauncher.BPGrenadeLauncher_C NativeClass:/Script/ClassShooter.GrenadeLauncher Name:BPGrenadeLauncher_C_UAID_04BF1B6710832E6702_1633153361 Label:BPGrenadeLauncher SpatiallyLoaded:1 Bounds:IsValid=true, Min=(X=2898.937 Y=1607.489 Z=41.083), Max=(X=3058.937 Y=1922.080 Z=201.083) RuntimeGrid:None EditorOnly:0 RuntimeOnly:0 HLODRelevant:0 ListedInSceneOutliner:1 IsMainWorldOnly:0
 |   |   |- [+] [  1]
 |   |   |   |- Guid:161ACB044F01313CBBCF3DAC1DF72715 BaseClass: NativeClass:/Script/Engine.StaticMeshActor Name:StaticMeshActor_0 Label:SM_Cube SpatiallyLoaded:1 Bounds:IsValid=true, Min=(X=0.000 Y=0.000 Z=-50.000), Max=(X=3000.000 Y=3500.000 Z=0.000) RuntimeGrid:None EditorOnly:0 RuntimeOnly:0 HLODRelevant:1 ListedInSceneOutliner:1 IsMainWorldOnly:0 FolderPath:Playground FolderGuid:CDC3EA2D424DF73175D386948543BF31
 |   |   |- [+] [  2]
 |   |   |   |- Guid:3C342A1844B771475E23F5AC4C5F1447 BaseClass: NativeClass:/Script/Engine.SkyAtmosphere Name:SkyAtmosphere_0 Label:SkyAtmosphere SpatiallyLoaded:0 Bounds:IsValid=true, Min=(X=0.000 Y=0.000 Z=1020.000), Max=(X=0.000 Y=0.000 Z=1020.000) RuntimeGrid:None EditorOnly:0 RuntimeOnly:0 HLODRelevant:0 ListedInSceneOutliner:1 IsMainWorldOnly:0 FolderPath:Lighting FolderGuid:D9E1224C415FCB205E4105B3245ADAAB
 |   |   |- [+] [  3]
 |   |   |   |- Guid:3D5ADC2E41D6575184758AB0EA1C66BC BaseClass:/Game/ClassShooterAssets/Blueprints/Weapons/BPKnife.BPKnife_C NativeClass:/Script/ClassShooter.Knife Name:BPKnife_C_UAID_04BF1B6710832E6702_1633167363 Label:BPKnife SpatiallyLoaded:1 Bounds:IsValid=true, Min=(X=2899.135 Y=2039.884 Z=26.805), Max=(X=3059.135 Y=2298.104 Z=186.805) RuntimeGrid:None EditorOnly:0 RuntimeOnly:0 HLODRelevant:0 ListedInSceneOutliner:1 IsMainWorldOnly:0
 |   |   |- [+] [  4]
 |   |   |   |- Guid:45CC9E1A46D65632CD57E283A1E6CA0A BaseClass:/Game/ClassShooterAssets/Blueprints/Weapons/BPRocketLauncher.BPRocketLauncher_C NativeClass:/Script/ClassShooter.RocketLauncher Name:BPRocketLauncher_C_UAID_04BF1B6710832E6702_1633186366 Label:BPRocketLauncher SpatiallyLoaded:1 Bounds:IsValid=true, Min=(X=2899.160 Y=1433.842 Z=42.225), Max=(X=3059.160 Y=1789.953 Z=202.225) RuntimeGrid:None EditorOnly:0 RuntimeOnly:0 HLODRelevant:0 ListedInSceneOutliner:1 IsMainWorldOnly:0
 |   |   |- [+] [  5]
 |   |   |   |- Guid:53346DF443682197207876AA675F4D31 BaseClass: NativeClass:/Script/Engine.PlayerStart Name:PlayerStart_UAID_BCF4D43E2F2A14C002_1087545775 Label:PlayerStart3 SpatiallyLoaded:0 Bounds:IsValid=true, Min=(X=1353.973 Y=1886.309 Z=0.013), Max=(X=1433.973 Y=1966.309 Z=184.013) RuntimeGrid:None EditorOnly:0 RuntimeOnly:0 HLODRelevant:0 ListedInSceneOutliner:1 IsMainWorldOnly:0
 |   |   |- [+] [  6]
 |   |   |   |- Guid:681197EC4890D59D8A5F0CAFACD4D8D0 BaseClass:/Game/ClassShooterAssets/Blueprints/Weapons/BPSniperRifle.BPSniperRifle_C NativeClass:/Script/ClassShooter.SniperRifle Name:BPSniperRifle_C_UAID_04BF1B6710832E6702_1633173364 Label:BPSniperRifle SpatiallyLoaded:1 Bounds:IsValid=true, Min=(X=2899.160 Y=1744.525 Z=42.630), Max=(X=3059.160 Y=2095.618 Z=202.630) RuntimeGrid:None EditorOnly:0 RuntimeOnly:0 HLODRelevant:0 ListedInSceneOutliner:1 IsMainWorldOnly:0
 |   |   |- [+] [  7]
 |   |   |   |- Guid:6D67E63A4993E8CE85835D81D6291A9C BaseClass: NativeClass:/Script/Engine.WorldDataLayers Name:WorldDataLayers Label:WorldDataLayers-1 SpatiallyLoaded:0 Bounds:Invalid RuntimeGrid:None EditorOnly:0 RuntimeOnly:0 HLODRelevant:0 ListedInSceneOutliner:1 IsMainWorldOnly:1
 |   |   |- [+] [  8]
 |   |   |   |- Guid:73B4376C405D170C442EA49AD077BA6D BaseClass: NativeClass:/Script/Engine.TextRenderActor Name:TextRenderActor_0 Label:TextRenderActor SpatiallyLoaded:1 Bounds:IsValid=true, Min=(X=-0.100 Y=1100.000 Z=65.013), Max=(X=-0.100 Y=2363.461 Z=215.013) RuntimeGrid:None EditorOnly:0 RuntimeOnly:0 HLODRelevant:0 ListedInSceneOutliner:1 IsMainWorldOnly:0
 |   |   |- [+] [  9]
 |   |   |   |- Guid:74AF625749FCAB9B7C70B6ACD613CAE8 BaseClass: NativeClass:/Script/Engine.StaticMeshActor Name:StaticMeshActor_UAID_04BF1B6710836C5D02_1468245714 Label:SM_Cube4 SpatiallyLoaded:1 Bounds:IsValid=true, Min=(X=2980.262 Y=-0.000 Z=-50.000), Max=(X=3030.262 Y=3500.000 Z=950.000) RuntimeGrid:None EditorOnly:0 RuntimeOnly:0 HLODRelevant:1 ListedInSceneOutliner:1 IsMainWorldOnly:0 FolderPath:Playground FolderGuid:CDC3EA2D424DF73175D386948543BF31
 |   |   |- [+] [ 10]
 |   |   |   |- Guid:8944E45549B035223CC1EC84AC1C53EA BaseClass: NativeClass:/Script/Engine.PlayerStart Name:PlayerStart_UAID_04BF1B671083FB6402_1326770271 Label:PlayerStart2 SpatiallyLoaded:0 Bounds:IsValid=true, Min=(X=1353.973 Y=1532.414 Z=0.013), Max=(X=1433.973 Y=1612.414 Z=184.013) RuntimeGrid:None EditorOnly:0 RuntimeOnly:0 HLODRelevant:0 ListedInSceneOutliner:1 IsMainWorldOnly:0
 |   |   |- [+] [ 11]
 |   |   |   |- Guid:8BE0B6554A39919472BA1DB9576B7736 BaseClass: NativeClass:/Script/Engine.DirectionalLight Name:DirectionalLight_0 Label:DirectionalLight SpatiallyLoaded:0 Bounds:Invalid RuntimeGrid:None EditorOnly:0 RuntimeOnly:0 HLODRelevant:0 ListedInSceneOutliner:1 IsMainWorldOnly:0 FolderPath:Lighting FolderGuid:D9E1224C415FCB205E4105B3245ADAAB
 |   |   |- [+] [ 12]
 |   |   |   |- Guid:B1CB47A54B3B5421DAB6B6AF40D458EE BaseClass: NativeClass:/Script/Engine.PlayerStart Name:PlayerStart_0 Label:PlayerStart SpatiallyLoaded:0 Bounds:IsValid=true, Min=(X=1343.973 Y=1158.729 Z=0.013), Max=(X=1423.973 Y=1238.729 Z=184.013) RuntimeGrid:None EditorOnly:0 RuntimeOnly:0 HLODRelevant:0 ListedInSceneOutliner:1 IsMainWorldOnly:0
 |   |   |- [+] [ 13]
 |   |   |   |- Guid:C8A5D7F742CA6D482465C0B7738CBED3 BaseClass: NativeClass:/Script/Engine.StaticMeshActor Name:StaticMeshActor_UAID_04BF1B6710836C5D02_1403501712 Label:SM_Cube2 SpatiallyLoaded:1 Bounds:IsValid=true, Min=(X=-50.000 Y=0.000 Z=-50.000), Max=(X=0.000 Y=3500.000 Z=950.000) RuntimeGrid:None EditorOnly:0 RuntimeOnly:0 HLODRelevant:1 ListedInSceneOutliner:1 IsMainWorldOnly:0 FolderPath:Playground FolderGuid:CDC3EA2D424DF73175D386948543BF31
 |   |   |- [+] [ 14]
 |   |   |   |- Guid:CABA3A934683CD14CA41249B48C019F7 BaseClass: NativeClass:/Script/Engine.PostProcessVolume Name:PostProcessVolume_0 Label:PostProcessVolume SpatiallyLoaded:0 Bounds:IsValid=true, Min=(X=0.000 Y=0.000 Z=400.000), Max=(X=200.000 Y=200.000 Z=600.000) RuntimeGrid:None EditorOnly:0 RuntimeOnly:0 HLODRelevant:0 ListedInSceneOutliner:1 IsMainWorldOnly:0 FolderPath:Lighting FolderGuid:D9E1224C415FCB205E4105B3245ADAAB
 |   |   |- [+] [ 15]
 |   |   |   |- Guid:CADEF040423E566682DB83B2B84D362A BaseClass: NativeClass:/Script/Engine.VolumetricCloud Name:VolumetricCloud_0 Label:VolumetricCloud SpatiallyLoaded:0 Bounds:IsValid=true, Min=(X=0.000 Y=0.000 Z=820.000), Max=(X=0.000 Y=0.000 Z=820.000) RuntimeGrid:None EditorOnly:0 RuntimeOnly:0 HLODRelevant:0 ListedInSceneOutliner:1 IsMainWorldOnly:0 FolderPath:Lighting FolderGuid:D9E1224C415FCB205E4105B3245ADAAB
 |   |   |- [+] [ 16]
 |   |   |   |- Guid:CAF485C84476D0E18A59C181C957F806 BaseClass:/Game/ClassShooterAssets/Blueprints/Weapons/BPAssaultRifle.BPAssaultRifle_C NativeClass:/Script/ClassShooter.AssaultRifle Name:BPAssaultRifle_C_UAID_04BF1B6710832E6702_1633132360 Label:BPAssaultRifle SpatiallyLoaded:1 Bounds:IsValid=true, Min=(X=2899.160 Y=1305.522 Z=37.742), Max=(X=3059.160 Y=1505.630 Z=197.742) RuntimeGrid:None EditorOnly:0 RuntimeOnly:0 HLODRelevant:0 ListedInSceneOutliner:1 IsMainWorldOnly:0
 |   |   |- [+] [ 17]
 |   |   |   |- Guid:CC9FB97842E4EA08F02ABF9FF02184FF BaseClass: NativeClass:/Script/Engine.PlayerStart Name:PlayerStart_UAID_BCF4D43E2F2A14C002_1089287776 Label:PlayerStart4 SpatiallyLoaded:0 Bounds:IsValid=true, Min=(X=1353.973 Y=2261.922 Z=0.013), Max=(X=1433.973 Y=2341.922 Z=184.013) RuntimeGrid:None EditorOnly:0 RuntimeOnly:0 HLODRelevant:0 ListedInSceneOutliner:1 IsMainWorldOnly:0
 |   |   |- [+] [ 18]
 |   |   |   |- Guid:CD25756847FF9A9F6F053E8BF6050CF8 BaseClass:/Game/ClassShooterAssets/Blueprints/Weapons/BPShotgun.BPShotgun_C NativeClass:/Script/ClassShooter.Shotgun Name:BPShotgun_C_UAID_04BF1B6710832E6702_1633160362 Label:BPShotgun SpatiallyLoaded:1 Bounds:IsValid=true, Min=(X=2899.160 Y=1898.464 Z=38.837), Max=(X=3059.160 Y=2212.703 Z=198.837) RuntimeGrid:None EditorOnly:0 RuntimeOnly:0 HLODRelevant:0 ListedInSceneOutliner:1 IsMainWorldOnly:0
 |   |   |- [+] [ 19]
 |   |   |   |- Guid:D328124B470F95FD91FBFEA4B7783723 BaseClass: NativeClass:/Script/Engine.SkyLight Name:SkyLight_0 Label:SkyLight SpatiallyLoaded:0 Bounds:IsValid=true, Min=(X=0.000 Y=0.000 Z=690.000), Max=(X=0.000 Y=0.000 Z=690.000) RuntimeGrid:None EditorOnly:0 RuntimeOnly:0 HLODRelevant:0 ListedInSceneOutliner:1 IsMainWorldOnly:0 FolderPath:Lighting FolderGuid:D9E1224C415FCB205E4105B3245ADAAB
 |   |   |- [+] [ 20]
 |   |   |   |- Guid:D6DD8E4942073B9641C4669956748517 BaseClass: NativeClass:/Script/Engine.ExponentialHeightFog Name:ExponentialHeightFog_0 Label:ExponentialHeightFog SpatiallyLoaded:0 Bounds:IsValid=true, Min=(X=-5600.000 Y=-50.000 Z=-6850.000), Max=(X=-5600.000 Y=-50.000 Z=-6850.000) RuntimeGrid:None EditorOnly:0 RuntimeOnly:0 HLODRelevant:0 ListedInSceneOutliner:1 IsMainWorldOnly:0 FolderPath:Lighting FolderGuid:D9E1224C415FCB205E4105B3245ADAAB
 |   |   |- [+] [ 21]
 |   |   |   |- Guid:DB538E244B0EAD4E5DDFD99E160DFE30 BaseClass:/Game/ClassShooterAssets/Blueprints/Weapons/BPPistol.BPPistol_C NativeClass:/Script/ClassShooter.Pistol Name:BPPistol_C_UAID_04BF1B6710832E6702_1633180365 Label:BPPistol SpatiallyLoaded:1 Bounds:IsValid=true, Min=(X=2899.135 Y=1182.128 Z=36.486), Max=(X=3059.135 Y=1482.171 Z=196.486) RuntimeGrid:None EditorOnly:0 RuntimeOnly:0 HLODRelevant:0 ListedInSceneOutliner:1 IsMainWorldOnly:0
 |   |   |- [+] [ 22]
 |   |   |   |- Guid:EF2B318449E0EF2F7DBDA9BAFD4A36E4 BaseClass: NativeClass:/Script/Engine.StaticMeshActor Name:StaticMeshActor_UAID_A4AE111137DC5FFB00_1159438599 Label:SM_SkySphere SpatiallyLoaded:0 Bounds:IsValid=true, Min=(X=-1638400.000 Y=-1638400.000 Z=-1638400.000), Max=(X=1638400.000 Y=1638400.000 Z=1638400.000) RuntimeGrid:None EditorOnly:0 RuntimeOnly:0 HLODRelevant:0 ListedInSceneOutliner:1 IsMainWorldOnly:0 FolderPath:Lighting FolderGuid:D9E1224C415FCB205E4105B3245ADAAB
 |   |   |- [+] [ 23]
 |   |   |   |- Guid:F22F88DF46B6F3B1795BC89AFDCFECFA BaseClass: NativeClass:/Script/Engine.StaticMeshActor Name:StaticMeshActor_UAID_04BF1B6710836C5D02_1454232713 Label:SM_Cube3 SpatiallyLoaded:1 Bounds:IsValid=true, Min=(X=-0.000 Y=-0.000 Z=-50.000), Max=(X=3000.000 Y=50.000 Z=950.000) RuntimeGrid:None EditorOnly:0 RuntimeOnly:0 HLODRelevant:1 ListedInSceneOutliner:1 IsMainWorldOnly:0 FolderPath:Playground FolderGuid:CDC3EA2D424DF73175D386948543BF31
 |   |   |- [+] [ 24]
 |   |   |   |- Guid:F6C975EA485AA9F3B41098B191F8D710 BaseClass: NativeClass:/Script/Engine.StaticMeshActor Name:StaticMeshActor_UAID_04BF1B6710836C5D02_1512679715 Label:SM_Cube5 SpatiallyLoaded:1 Bounds:IsValid=true, Min=(X=-0.000 Y=3453.518 Z=-50.000), Max=(X=3000.000 Y=3503.518 Z=950.000) RuntimeGrid:None EditorOnly:0 RuntimeOnly:0 HLODRelevant:1 ListedInSceneOutliner:1 IsMainWorldOnly:0 FolderPath:Playground FolderGuid:CDC3EA2D424DF73175D386948543BF31
 |- ContainerInstances:
 |- [+] MainContainer:
 |   |-        ID: 00000000000000000000000000000000
 |   |-  ParentID: 00000000000000000000000000000000
 |   |-    Bounds: IsValid=false, Min=(X=0.000 Y=0.000 Z=0.000), Max=(X=0.000 Y=0.000 Z=0.000)
 |   |- Transform: 0.000000,0.000000,0.000000|0.000000,0.000000,-0.000000|1.000000,1.000000,1.000000
 |   |- Container: /Game/ClassShooterAssets/Maps/Lobby
----------------------------------------------------------------------------------------------------------------
Lobby - Persistent Level
----------------------------------------------------------------------------------------------------------------
[+] Content of Lobby Persistent Level
 |- Always loaded Actor Count: 25 
 |- Actor Path: /Game/ClassShooterAssets/Maps/UEDPIE_2_Lobby.Lobby:PersistentLevel.BPAssaultRifle_C_UAID_04BF1B6710832E6702_1633132360
 |- Actor Package: /Game/ClassShooterAssets/Maps/UEDPIE_2_Lobby_InstanceOf_/Game/__ExternalActors__/ClassShooterAssets/Maps/Lobby/8/YW/7XH9VWOXTXS27ZEWVJJ7VU
 |- Actor Path: /Game/ClassShooterAssets/Maps/UEDPIE_2_Lobby.Lobby:PersistentLevel.BPGrenadeLauncher_C_UAID_04BF1B6710832E6702_1633153361
 |- Actor Package: /Game/ClassShooterAssets/Maps/UEDPIE_2_Lobby_InstanceOf_/Game/__ExternalActors__/ClassShooterAssets/Maps/Lobby/5/78/2AMSV47KCMW0EVEKGSSU8S
 |- Actor Path: /Game/ClassShooterAssets/Maps/UEDPIE_2_Lobby.Lobby:PersistentLevel.BPKnife_C_UAID_04BF1B6710832E6702_1633167363
 |- Actor Package: /Game/ClassShooterAssets/Maps/UEDPIE_2_Lobby_InstanceOf_/Game/__ExternalActors__/ClassShooterAssets/Maps/Lobby/9/5Y/AINL9UXEJ98TI1959S0LN8
 |- Actor Path: /Game/ClassShooterAssets/Maps/UEDPIE_2_Lobby.Lobby:PersistentLevel.BPPistol_C_UAID_04BF1B6710832E6702_1633180365
 |- Actor Package: /Game/ClassShooterAssets/Maps/UEDPIE_2_Lobby_InstanceOf_/Game/__ExternalActors__/ClassShooterAssets/Maps/Lobby/1/0G/XNO0XQCPVDWS4NPT8602J4
 |- Actor Path: /Game/ClassShooterAssets/Maps/UEDPIE_2_Lobby.Lobby:PersistentLevel.BPRocketLauncher_C_UAID_04BF1B6710832E6702_1633186366
 |- Actor Package: /Game/ClassShooterAssets/Maps/UEDPIE_2_Lobby_InstanceOf_/Game/__ExternalActors__/ClassShooterAssets/Maps/Lobby/E/QA/DN0202Z622QOLZHQZY1R7O
 |- Actor Path: /Game/ClassShooterAssets/Maps/UEDPIE_2_Lobby.Lobby:PersistentLevel.BPShotgun_C_UAID_04BF1B6710832E6702_1633160362
 |- Actor Package: /Game/ClassShooterAssets/Maps/UEDPIE_2_Lobby_InstanceOf_/Game/__ExternalActors__/ClassShooterAssets/Maps/Lobby/5/5N/R3BBDUII0YH7OSJRR5I3ZQ
 |- Actor Path: /Game/ClassShooterAssets/Maps/UEDPIE_2_Lobby.Lobby:PersistentLevel.BPSniperRifle_C_UAID_04BF1B6710832E6702_1633173364
 |- Actor Package: /Game/ClassShooterAssets/Maps/UEDPIE_2_Lobby_InstanceOf_/Game/__ExternalActors__/ClassShooterAssets/Maps/Lobby/1/OJ/32NY6CTLSIIMP8DTLPDWO6
 |- Actor Path: /Game/ClassShooterAssets/Maps/UEDPIE_2_Lobby.Lobby:PersistentLevel.DirectionalLight_0
 |- Actor Package: /Game/ClassShooterAssets/Maps/UEDPIE_2_Lobby_InstanceOf_/Game/__ExternalActors__/ClassShooterAssets/Maps/Lobby/3/7B/LTWEWQCRMGU325U2SRSA15
 |- Actor Path: /Game/ClassShooterAssets/Maps/UEDPIE_2_Lobby.Lobby:PersistentLevel.ExponentialHeightFog_0
 |- Actor Package: /Game/ClassShooterAssets/Maps/UEDPIE_2_Lobby_InstanceOf_/Game/__ExternalActors__/ClassShooterAssets/Maps/Lobby/2/F6/97HE95OBJDTTEF35GAA2NJ
 |- Actor Path: /Game/ClassShooterAssets/Maps/UEDPIE_2_Lobby.Lobby:PersistentLevel.PlayerStart_0
 |- Actor Package: /Game/ClassShooterAssets/Maps/UEDPIE_2_Lobby_InstanceOf_/Game/__ExternalActors__/ClassShooterAssets/Maps/Lobby/C/TC/BNY63SVJ7O79BPHYULC5VJ
 |- Actor Path: /Game/ClassShooterAssets/Maps/UEDPIE_2_Lobby.Lobby:PersistentLevel.PlayerStart_UAID_04BF1B671083FB6402_1326770271
 |- Actor Package: /Game/ClassShooterAssets/Maps/UEDPIE_2_Lobby_InstanceOf_/Game/__ExternalActors__/ClassShooterAssets/Maps/Lobby/2/9F/GAKULF009IY8B5HES83M6I
 |- Actor Path: /Game/ClassShooterAssets/Maps/UEDPIE_2_Lobby.Lobby:PersistentLevel.PlayerStart_UAID_BCF4D43E2F2A14C002_1087545775
 |- Actor Package: /Game/ClassShooterAssets/Maps/UEDPIE_2_Lobby_InstanceOf_/Game/__ExternalActors__/ClassShooterAssets/Maps/Lobby/0/XM/359G4AIOFGIQ0TQ7Z34VBD
 |- Actor Path: /Game/ClassShooterAssets/Maps/UEDPIE_2_Lobby.Lobby:PersistentLevel.PlayerStart_UAID_BCF4D43E2F2A14C002_1089287776
 |- Actor Package: /Game/ClassShooterAssets/Maps/UEDPIE_2_Lobby_InstanceOf_/Game/__ExternalActors__/ClassShooterAssets/Maps/Lobby/4/FC/FZLDP8AAIATPNW0JPSQUT9
 |- Actor Path: /Game/ClassShooterAssets/Maps/UEDPIE_2_Lobby.Lobby:PersistentLevel.PostProcessVolume_0
 |- Actor Package: /Game/ClassShooterAssets/Maps/UEDPIE_2_Lobby_InstanceOf_/Game/__ExternalActors__/ClassShooterAssets/Maps/Lobby/3/IG/KLEPFINTGPQI2LGFNR8VAL
 |- Actor Path: /Game/ClassShooterAssets/Maps/UEDPIE_2_Lobby.Lobby:PersistentLevel.SkyAtmosphere_0
 |- Actor Package: /Game/ClassShooterAssets/Maps/UEDPIE_2_Lobby_InstanceOf_/Game/__ExternalActors__/ClassShooterAssets/Maps/Lobby/5/LJ/3QEY9RI8G3K63TFIJDZ9F8
 |- Actor Path: /Game/ClassShooterAssets/Maps/UEDPIE_2_Lobby.Lobby:PersistentLevel.SkyLight_0
 |- Actor Package: /Game/ClassShooterAssets/Maps/UEDPIE_2_Lobby_InstanceOf_/Game/__ExternalActors__/ClassShooterAssets/Maps/Lobby/5/UC/W3ETJJI1QC68LNHI78DWDR
 |- Actor Path: /Game/ClassShooterAssets/Maps/UEDPIE_2_Lobby.Lobby:PersistentLevel.StaticMeshActor_0
 |- Actor Package: /Game/ClassShooterAssets/Maps/UEDPIE_2_Lobby_InstanceOf_/Game/__ExternalActors__/ClassShooterAssets/Maps/Lobby/A/AG/3KNUD4NBXUA1BNOHMEI6H9
 |- Actor Path: /Game/ClassShooterAssets/Maps/UEDPIE_2_Lobby.Lobby:PersistentLevel.StaticMeshActor_UAID_04BF1B6710836C5D02_1403501712
 |- Actor Package: /Game/ClassShooterAssets/Maps/UEDPIE_2_Lobby_InstanceOf_/Game/__ExternalActors__/ClassShooterAssets/Maps/Lobby/6/ZM/S6240WNEERG1IGMHCPMO61
 |- Actor Path: /Game/ClassShooterAssets/Maps/UEDPIE_2_Lobby.Lobby:PersistentLevel.StaticMeshActor_UAID_04BF1B6710836C5D02_1454232713
 |- Actor Package: /Game/ClassShooterAssets/Maps/UEDPIE_2_Lobby_InstanceOf_/Game/__ExternalActors__/ClassShooterAssets/Maps/Lobby/3/5U/8X3V9X24YW0OBJ91D86GTG
 |- Actor Path: /Game/ClassShooterAssets/Maps/UEDPIE_2_Lobby.Lobby:PersistentLevel.StaticMeshActor_UAID_04BF1B6710836C5D02_1468245714
 |- Actor Package: /Game/ClassShooterAssets/Maps/UEDPIE_2_Lobby_InstanceOf_/Game/__ExternalActors__/ClassShooterAssets/Maps/Lobby/D/90/ZQL86TRSUFORJ3AO1PLQ5R
 |- Actor Path: /Game/ClassShooterAssets/Maps/UEDPIE_2_Lobby.Lobby:PersistentLevel.StaticMeshActor_UAID_04BF1B6710836C5D02_1512679715
 |- Actor Package: /Game/ClassShooterAssets/Maps/UEDPIE_2_Lobby_InstanceOf_/Game/__ExternalActors__/ClassShooterAssets/Maps/Lobby/5/33/IOQ3B8M56KDJ9D4N8RKF60
 |- Actor Path: /Game/ClassShooterAssets/Maps/UEDPIE_2_Lobby.Lobby:PersistentLevel.StaticMeshActor_UAID_A4AE111137DC5FFB00_1159438599
 |- Actor Package: /Game/ClassShooterAssets/Maps/UEDPIE_2_Lobby_InstanceOf_/Game/__ExternalActors__/ClassShooterAssets/Maps/Lobby/D/6F/29IKWMTICXK50ZDBW8K9I4
 |- Actor Path: /Game/ClassShooterAssets/Maps/UEDPIE_2_Lobby.Lobby:PersistentLevel.TextRenderActor_0
 |- Actor Package: /Game/ClassShooterAssets/Maps/UEDPIE_2_Lobby_InstanceOf_/Game/__ExternalActors__/ClassShooterAssets/Maps/Lobby/9/GG/2Y3S4ZK6LHLJ7XS4Z20BMG
 |- Actor Path: /Game/ClassShooterAssets/Maps/UEDPIE_2_Lobby.Lobby:PersistentLevel.VolumetricCloud_0
 |- Actor Package: /Game/ClassShooterAssets/Maps/UEDPIE_2_Lobby_InstanceOf_/Game/__ExternalActors__/ClassShooterAssets/Maps/Lobby/9/X5/4A2V0GDXM6XR0VPESSE1NC
 |- Actor Path: /Game/ClassShooterAssets/Maps/UEDPIE_2_Lobby.Lobby:PersistentLevel.WorldDataLayers
 |- Actor Package: /Game/ClassShooterAssets/Maps/UEDPIE_2_Lobby_InstanceOf_/Game/__ExternalActors__/ClassShooterAssets/Maps/Lobby/A/JM/ZH75X0OLWUAA73B98L28B5

----------------------------------------------------------------------------------------------------------------
Lobby - Runtime Hash Set
----------------------------------------------------------------------------------------------------------------

