[+] Containers:
 |- [+] Container: /Game/ClassShooterAssets/Maps/FirstPersonMap
 |   |- [+] ActorDescs:
 |   |   |- Guid:13F40C7241F9A80D3E971DBC21FCAFB0 BaseClass: NativeClass:/Script/Engine.SkyAtmosphere Name:SkyAtmosphere_0 Label:SkyAtmosphere SpatiallyLoaded:0 Bounds:IsValid=true, Min=(X=0.000 Y=0.000 Z=1020.000), Max=(X=0.000 Y=0.000 Z=1020.000) RuntimeGrid:None EditorOnly:0 RuntimeOnly:0 HLODRelevant:0 ListedInSceneOutliner:1 IsMainWorldOnly:0 FolderPath:Lighting FolderGuid:D9E1224C415FCB205E4105B3245ADAAB
 |   |   |- Guid:22C4F1724348A3818BBA0A939CA01B63 BaseClass: NativeClass:/Script/Engine.WorldDataLayers Name:WorldDataLayers Label:WorldDataLayers-1 SpatiallyLoaded:0 Bounds:Invalid RuntimeGrid:None EditorOnly:0 RuntimeOnly:0 HLODRelevant:0 ListedInSceneOutliner:1 IsMainWorldOnly:1
 |   |   |- Guid:24F19DBE47CBE6CFBAF8A280BABC1E3B BaseClass:/Game/ClassShooterAssets/Blueprints/Weapons/BPAssaultRifle1.BPAssaultRifle1_C NativeClass:/Script/ClassShooter.AssaultRifle Name:BPAssaultRifle1_C_UAID_BCF4D43E2F2A11BF02_1491948183 Label:BPAssaultRifle1 SpatiallyLoaded:1 Bounds:IsValid=true, Min=(X=1888.451 Y=2303.089 Z=-80.000), Max=(X=2048.451 Y=2461.129 Z=80.000) RuntimeGrid:None EditorOnly:0 RuntimeOnly:0 HLODRelevant:0 ListedInSceneOutliner:1 IsMainWorldOnly:0
 |   |   |- Guid:2B90443C40EF2758FB37919B7A7D74B9 BaseClass:/Game/ClassShooterAssets/Blueprints/Weapons/BPShotgun1.BPShotgun1_C NativeClass:/Script/ClassShooter.Shotgun Name:BPShotgun1_C_UAID_BCF4D43E2F2A15BF02_1211885891 Label:BPShotgun1 SpatiallyLoaded:1 Bounds:IsValid=true, Min=(X=1910.141 Y=1744.278 Z=-80.000), Max=(X=2077.311 Y=2026.459 Z=80.000) RuntimeGrid:None EditorOnly:0 RuntimeOnly:0 HLODRelevant:0 ListedInSceneOutliner:1 IsMainWorldOnly:0
 |   |   |- Guid:36DA8D2C4B2585DD71BFF583CFB51CFA BaseClass: NativeClass:/Script/Engine.TextRenderActor Name:TextRenderActor_0 Label:TextRenderActor SpatiallyLoaded:1 Bounds:IsValid=true, Min=(X=-0.100 Y=1100.000 Z=65.013), Max=(X=-0.100 Y=2363.461 Z=215.013) RuntimeGrid:None EditorOnly:0 RuntimeOnly:0 HLODRelevant:0 ListedInSceneOutliner:1 IsMainWorldOnly:0
 |   |   |- Guid:3FDF20FF4768E0C7C6A3A285C2841F02 BaseClass: NativeClass:/Script/Engine.StaticMeshActor Name:StaticMeshActor_UAID_04BF1B6710836C5D02_1512679715 Label:SM_Cube5 SpatiallyLoaded:1 Bounds:IsValid=true, Min=(X=-0.000 Y=3453.518 Z=-50.000), Max=(X=3000.000 Y=3503.518 Z=950.000) RuntimeGrid:None EditorOnly:0 RuntimeOnly:0 HLODRelevant:1 ListedInSceneOutliner:1 IsMainWorldOnly:0 FolderPath:Playground FolderGuid:CDC3EA2D424DF73175D386948543BF31
 |   |   |- Guid:43EBC92B448AEF1EFA9C37AAADAA6F78 BaseClass:/Game/ClassShooterAssets/Blueprints/Weapons/BPSniperRifle1.BPSniperRifle1_C NativeClass:/Script/ClassShooter.SniperRifle Name:BPSniperRifle1_C_UAID_BCF4D43E2F2A15BF02_1216145893 Label:BPSniperRifle1 SpatiallyLoaded:1 Bounds:IsValid=true, Min=(X=1591.447 Y=-1826.978 Z=-80.000), Max=(X=1768.324 Y=2865.340 Z=80.000) RuntimeGrid:None EditorOnly:0 RuntimeOnly:0 HLODRelevant:0 ListedInSceneOutliner:1 IsMainWorldOnly:0
 |   |   |- Guid:616554B84D9AF28DF69ABD8837FD26D7 BaseClass: NativeClass:/Script/Engine.ExponentialHeightFog Name:ExponentialHeightFog_0 Label:ExponentialHeightFog SpatiallyLoaded:0 Bounds:IsValid=true, Min=(X=-5600.000 Y=-50.000 Z=-6850.000), Max=(X=-5600.000 Y=-50.000 Z=-6850.000) RuntimeGrid:None EditorOnly:0 RuntimeOnly:0 HLODRelevant:0 ListedInSceneOutliner:1 IsMainWorldOnly:0 FolderPath:Lighting FolderGuid:D9E1224C415FCB205E4105B3245ADAAB
 |   |   |- Guid:6456ADDD428A590141FABFB9484712AA BaseClass: NativeClass:/Script/Engine.PostProcessVolume Name:PostProcessVolume_0 Label:PostProcessVolume SpatiallyLoaded:0 Bounds:IsValid=true, Min=(X=0.000 Y=0.000 Z=400.000), Max=(X=200.000 Y=200.000 Z=600.000) RuntimeGrid:None EditorOnly:0 RuntimeOnly:0 HLODRelevant:0 ListedInSceneOutliner:1 IsMainWorldOnly:0 FolderPath:Lighting FolderGuid:D9E1224C415FCB205E4105B3245ADAAB
 |   |   |- Guid:71F86B674DC6E786A08D6895B01D8E2E BaseClass:/Game/ClassShooterAssets/Blueprints/Weapons/BPPistol1.BPPistol1_C NativeClass:/Script/ClassShooter.Pistol Name:BPPistol1_C_UAID_BCF4D43E2F2A15BF02_1205641889 Label:BPPistol1 SpatiallyLoaded:1 Bounds:IsValid=true, Min=(X=1651.719 Y=2062.988 Z=-80.000), Max=(X=1811.719 Y=2346.988 Z=80.000) RuntimeGrid:None EditorOnly:0 RuntimeOnly:0 HLODRelevant:0 ListedInSceneOutliner:1 IsMainWorldOnly:0
 |   |   |- Guid:7A699BF944F9DAC273FB4FAD2236D7F8 BaseClass: NativeClass:/Script/Engine.SkyLight Name:SkyLight_0 Label:SkyLight SpatiallyLoaded:0 Bounds:IsValid=true, Min=(X=0.000 Y=0.000 Z=690.000), Max=(X=0.000 Y=0.000 Z=690.000) RuntimeGrid:None EditorOnly:0 RuntimeOnly:0 HLODRelevant:0 ListedInSceneOutliner:1 IsMainWorldOnly:0 FolderPath:Lighting FolderGuid:D9E1224C415FCB205E4105B3245ADAAB
 |   |   |- Guid:7ED8537E4EFE1D285B9385AAA546C48A BaseClass: NativeClass:/Script/Engine.StaticMeshActor Name:StaticMeshActor_UAID_04BF1B6710836C5D02_1468245714 Label:SM_Cube4 SpatiallyLoaded:1 Bounds:IsValid=true, Min=(X=2980.262 Y=-0.000 Z=-50.000), Max=(X=3030.262 Y=3500.000 Z=950.000) RuntimeGrid:None EditorOnly:0 RuntimeOnly:0 HLODRelevant:1 ListedInSceneOutliner:1 IsMainWorldOnly:0 FolderPath:Playground FolderGuid:CDC3EA2D424DF73175D386948543BF31
 |   |   |- Guid:97FF78FB4EC8F13EF6751DB180B1CE46 BaseClass: NativeClass:/Script/Engine.DirectionalLight Name:DirectionalLight_0 Label:DirectionalLight SpatiallyLoaded:0 Bounds:Invalid RuntimeGrid:None EditorOnly:0 RuntimeOnly:0 HLODRelevant:0 ListedInSceneOutliner:1 IsMainWorldOnly:0 FolderPath:Lighting FolderGuid:D9E1224C415FCB205E4105B3245ADAAB
 |   |   |- Guid:9FC0E5A04B5C426BD8398396952183D3 BaseClass: NativeClass:/Script/Engine.StaticMeshActor Name:StaticMeshActor_0 Label:SM_Cube SpatiallyLoaded:1 Bounds:IsValid=true, Min=(X=0.000 Y=0.000 Z=-50.000), Max=(X=3000.000 Y=3500.000 Z=0.000) RuntimeGrid:None EditorOnly:0 RuntimeOnly:0 HLODRelevant:1 ListedInSceneOutliner:1 IsMainWorldOnly:0 FolderPath:Playground FolderGuid:CDC3EA2D424DF73175D386948543BF31
 |   |   |- Guid:A193674B480A39A47551D39FB4DFCD99 BaseClass: NativeClass:/Script/Engine.StaticMeshActor Name:StaticMeshActor_UAID_A4AE111137DC5FFB00_1159438599 Label:SM_SkySphere SpatiallyLoaded:0 Bounds:IsValid=true, Min=(X=-1638400.000 Y=-1638400.000 Z=-1638400.000), Max=(X=1638400.000 Y=1638400.000 Z=1638400.000) RuntimeGrid:None EditorOnly:0 RuntimeOnly:0 HLODRelevant:0 ListedInSceneOutliner:1 IsMainWorldOnly:0 FolderPath:Lighting FolderGuid:D9E1224C415FCB205E4105B3245ADAAB
 |   |   |- Guid:A9243C3C4BA85D527D72E4AB5F12F9D6 BaseClass: NativeClass:/Script/Engine.StaticMeshActor Name:StaticMeshActor_UAID_04BF1B6710836C5D02_1403501712 Label:SM_Cube2 SpatiallyLoaded:1 Bounds:IsValid=true, Min=(X=-50.000 Y=0.000 Z=-50.000), Max=(X=0.000 Y=3500.000 Z=950.000) RuntimeGrid:None EditorOnly:0 RuntimeOnly:0 HLODRelevant:1 ListedInSceneOutliner:1 IsMainWorldOnly:0 FolderPath:Playground FolderGuid:CDC3EA2D424DF73175D386948543BF31
 |   |   |- Guid:B326783D46A6A43F55CCC9AB2A4C1863 BaseClass: NativeClass:/Script/Engine.VolumetricCloud Name:VolumetricCloud_0 Label:VolumetricCloud SpatiallyLoaded:0 Bounds:IsValid=true, Min=(X=0.000 Y=0.000 Z=820.000), Max=(X=0.000 Y=0.000 Z=820.000) RuntimeGrid:None EditorOnly:0 RuntimeOnly:0 HLODRelevant:0 ListedInSceneOutliner:1 IsMainWorldOnly:0 FolderPath:Lighting FolderGuid:D9E1224C415FCB205E4105B3245ADAAB
 |   |   |- Guid:D00F340541C4F1D2B4DF6D8B6B9C33AF BaseClass:/Game/ClassShooterAssets/Blueprints/Weapons/BPGrenadeLauncher1.BPGrenadeLauncher1_C NativeClass:/Script/ClassShooter.GrenadeLauncher Name:BPGrenadeLauncher1_C_UAID_BCF4D43E2F2A15BF02_1202693888 Label:BPGrenadeLauncher1 SpatiallyLoaded:1 Bounds:IsValid=true, Min=(X=1793.819 Y=1937.698 Z=-80.000), Max=(X=1981.182 Y=2221.698 Z=80.000) RuntimeGrid:None EditorOnly:0 RuntimeOnly:0 HLODRelevant:0 ListedInSceneOutliner:1 IsMainWorldOnly:0
 |   |   |- Guid:D749795B47E2F6FD3046BAB01C0C7EF7 BaseClass: NativeClass:/Script/Engine.StaticMeshActor Name:StaticMeshActor_UAID_04BF1B6710836C5D02_1454232713 Label:SM_Cube3 SpatiallyLoaded:1 Bounds:IsValid=true, Min=(X=-0.000 Y=-0.000 Z=-50.000), Max=(X=3000.000 Y=50.000 Z=950.000) RuntimeGrid:None EditorOnly:0 RuntimeOnly:0 HLODRelevant:1 ListedInSceneOutliner:1 IsMainWorldOnly:0 FolderPath:Playground FolderGuid:CDC3EA2D424DF73175D386948543BF31
 |   |   |- Guid:D7F7594046FB04B31B38D6BE1A90C679 BaseClass:/Game/ClassShooterAssets/Blueprints/Weapons/BPSMG.BPSMG_C NativeClass:/Script/ClassShooter.AssaultRifle Name:BPSMG_C_UAID_BCF4D43E2F2A15BF02_1213542892 Label:BPSMG SpatiallyLoaded:1 Bounds:IsValid=true, Min=(X=1671.198 Y=2382.996 Z=-80.000), Max=(X=1831.198 Y=2541.036 Z=80.000) RuntimeGrid:None EditorOnly:0 RuntimeOnly:0 HLODRelevant:0 ListedInSceneOutliner:1 IsMainWorldOnly:0
 |   |   |- Guid:D7F9B66C4F82E306A5A2B78F881C7835 BaseClass:/Game/ClassShooterAssets/Blueprints/Characters/BPStealthCharacter.BPStealthCharacter_C NativeClass:/Script/ClassShooter.StealthCharacter Name:BPStealthCharacter_C_UAID_BCF4D43E2F2ACBBD02_1243229807 Label:BPStealthCharacter SpatiallyLoaded:1 Bounds:IsValid=true, Min=(X=2184.769 Y=2000.456 Z=-54.381), Max=(X=2535.834 Y=2504.824 Z=263.117) RuntimeGrid:None EditorOnly:0 RuntimeOnly:0 HLODRelevant:0 ListedInSceneOutliner:1 IsMainWorldOnly:0
 |   |   |- Guid:F3CCB1CE4AB5BF0A3AE318B9B9B63A18 BaseClass: NativeClass:/Script/Engine.PlayerStart Name:PlayerStart_UAID_04BF1B671083FB6402_1326770271 Label:PlayerStart2 SpatiallyLoaded:0 Bounds:IsValid=true, Min=(X=1565.814 Y=1966.050 Z=0.013), Max=(X=1645.814 Y=2046.050 Z=184.013) RuntimeGrid:None EditorOnly:0 RuntimeOnly:0 HLODRelevant:0 ListedInSceneOutliner:1 IsMainWorldOnly:0
 |   |- [+] Clusters:
 |   |   |- [+] [  0]
 |   |   |   |- Guid:13F40C7241F9A80D3E971DBC21FCAFB0 BaseClass: NativeClass:/Script/Engine.SkyAtmosphere Name:SkyAtmosphere_0 Label:SkyAtmosphere SpatiallyLoaded:0 Bounds:IsValid=true, Min=(X=0.000 Y=0.000 Z=1020.000), Max=(X=0.000 Y=0.000 Z=1020.000) RuntimeGrid:None EditorOnly:0 RuntimeOnly:0 HLODRelevant:0 ListedInSceneOutliner:1 IsMainWorldOnly:0 FolderPath:Lighting FolderGuid:D9E1224C415FCB205E4105B3245ADAAB
 |   |   |- [+] [  1]
 |   |   |   |- Guid:22C4F1724348A3818BBA0A939CA01B63 BaseClass: NativeClass:/Script/Engine.WorldDataLayers Name:WorldDataLayers Label:WorldDataLayers-1 SpatiallyLoaded:0 Bounds:Invalid RuntimeGrid:None EditorOnly:0 RuntimeOnly:0 HLODRelevant:0 ListedInSceneOutliner:1 IsMainWorldOnly:1
 |   |   |- [+] [  2]
 |   |   |   |- Guid:24F19DBE47CBE6CFBAF8A280BABC1E3B BaseClass:/Game/ClassShooterAssets/Blueprints/Weapons/BPAssaultRifle1.BPAssaultRifle1_C NativeClass:/Script/ClassShooter.AssaultRifle Name:BPAssaultRifle1_C_UAID_BCF4D43E2F2A11BF02_1491948183 Label:BPAssaultRifle1 SpatiallyLoaded:1 Bounds:IsValid=true, Min=(X=1888.451 Y=2303.089 Z=-80.000), Max=(X=2048.451 Y=2461.129 Z=80.000) RuntimeGrid:None EditorOnly:0 RuntimeOnly:0 HLODRelevant:0 ListedInSceneOutliner:1 IsMainWorldOnly:0
 |   |   |- [+] [  3]
 |   |   |   |- Guid:2B90443C40EF2758FB37919B7A7D74B9 BaseClass:/Game/ClassShooterAssets/Blueprints/Weapons/BPShotgun1.BPShotgun1_C NativeClass:/Script/ClassShooter.Shotgun Name:BPShotgun1_C_UAID_BCF4D43E2F2A15BF02_1211885891 Label:BPShotgun1 SpatiallyLoaded:1 Bounds:IsValid=true, Min=(X=1910.141 Y=1744.278 Z=-80.000), Max=(X=2077.311 Y=2026.459 Z=80.000) RuntimeGrid:None EditorOnly:0 RuntimeOnly:0 HLODRelevant:0 ListedInSceneOutliner:1 IsMainWorldOnly:0
 |   |   |- [+] [  4]
 |   |   |   |- Guid:36DA8D2C4B2585DD71BFF583CFB51CFA BaseClass: NativeClass:/Script/Engine.TextRenderActor Name:TextRenderActor_0 Label:TextRenderActor SpatiallyLoaded:1 Bounds:IsValid=true, Min=(X=-0.100 Y=1100.000 Z=65.013), Max=(X=-0.100 Y=2363.461 Z=215.013) RuntimeGrid:None EditorOnly:0 RuntimeOnly:0 HLODRelevant:0 ListedInSceneOutliner:1 IsMainWorldOnly:0
 |   |   |- [+] [  5]
 |   |   |   |- Guid:3FDF20FF4768E0C7C6A3A285C2841F02 BaseClass: NativeClass:/Script/Engine.StaticMeshActor Name:StaticMeshActor_UAID_04BF1B6710836C5D02_1512679715 Label:SM_Cube5 SpatiallyLoaded:1 Bounds:IsValid=true, Min=(X=-0.000 Y=3453.518 Z=-50.000), Max=(X=3000.000 Y=3503.518 Z=950.000) RuntimeGrid:None EditorOnly:0 RuntimeOnly:0 HLODRelevant:1 ListedInSceneOutliner:1 IsMainWorldOnly:0 FolderPath:Playground FolderGuid:CDC3EA2D424DF73175D386948543BF31
 |   |   |- [+] [  6]
 |   |   |   |- Guid:43EBC92B448AEF1EFA9C37AAADAA6F78 BaseClass:/Game/ClassShooterAssets/Blueprints/Weapons/BPSniperRifle1.BPSniperRifle1_C NativeClass:/Script/ClassShooter.SniperRifle Name:BPSniperRifle1_C_UAID_BCF4D43E2F2A15BF02_1216145893 Label:BPSniperRifle1 SpatiallyLoaded:1 Bounds:IsValid=true, Min=(X=1591.447 Y=-1826.978 Z=-80.000), Max=(X=1768.324 Y=2865.340 Z=80.000) RuntimeGrid:None EditorOnly:0 RuntimeOnly:0 HLODRelevant:0 ListedInSceneOutliner:1 IsMainWorldOnly:0
 |   |   |- [+] [  7]
 |   |   |   |- Guid:616554B84D9AF28DF69ABD8837FD26D7 BaseClass: NativeClass:/Script/Engine.ExponentialHeightFog Name:ExponentialHeightFog_0 Label:ExponentialHeightFog SpatiallyLoaded:0 Bounds:IsValid=true, Min=(X=-5600.000 Y=-50.000 Z=-6850.000), Max=(X=-5600.000 Y=-50.000 Z=-6850.000) RuntimeGrid:None EditorOnly:0 RuntimeOnly:0 HLODRelevant:0 ListedInSceneOutliner:1 IsMainWorldOnly:0 FolderPath:Lighting FolderGuid:D9E1224C415FCB205E4105B3245ADAAB
 |   |   |- [+] [  8]
 |   |   |   |- Guid:6456ADDD428A590141FABFB9484712AA BaseClass: NativeClass:/Script/Engine.PostProcessVolume Name:PostProcessVolume_0 Label:PostProcessVolume SpatiallyLoaded:0 Bounds:IsValid=true, Min=(X=0.000 Y=0.000 Z=400.000), Max=(X=200.000 Y=200.000 Z=600.000) RuntimeGrid:None EditorOnly:0 RuntimeOnly:0 HLODRelevant:0 ListedInSceneOutliner:1 IsMainWorldOnly:0 FolderPath:Lighting FolderGuid:D9E1224C415FCB205E4105B3245ADAAB
 |   |   |- [+] [  9]
 |   |   |   |- Guid:71F86B674DC6E786A08D6895B01D8E2E BaseClass:/Game/ClassShooterAssets/Blueprints/Weapons/BPPistol1.BPPistol1_C NativeClass:/Script/ClassShooter.Pistol Name:BPPistol1_C_UAID_BCF4D43E2F2A15BF02_1205641889 Label:BPPistol1 SpatiallyLoaded:1 Bounds:IsValid=true, Min=(X=1651.719 Y=2062.988 Z=-80.000), Max=(X=1811.719 Y=2346.988 Z=80.000) RuntimeGrid:None EditorOnly:0 RuntimeOnly:0 HLODRelevant:0 ListedInSceneOutliner:1 IsMainWorldOnly:0
 |   |   |- [+] [ 10]
 |   |   |   |- Guid:7A699BF944F9DAC273FB4FAD2236D7F8 BaseClass: NativeClass:/Script/Engine.SkyLight Name:SkyLight_0 Label:SkyLight SpatiallyLoaded:0 Bounds:IsValid=true, Min=(X=0.000 Y=0.000 Z=690.000), Max=(X=0.000 Y=0.000 Z=690.000) RuntimeGrid:None EditorOnly:0 RuntimeOnly:0 HLODRelevant:0 ListedInSceneOutliner:1 IsMainWorldOnly:0 FolderPath:Lighting FolderGuid:D9E1224C415FCB205E4105B3245ADAAB
 |   |   |- [+] [ 11]
 |   |   |   |- Guid:7ED8537E4EFE1D285B9385AAA546C48A BaseClass: NativeClass:/Script/Engine.StaticMeshActor Name:StaticMeshActor_UAID_04BF1B6710836C5D02_1468245714 Label:SM_Cube4 SpatiallyLoaded:1 Bounds:IsValid=true, Min=(X=2980.262 Y=-0.000 Z=-50.000), Max=(X=3030.262 Y=3500.000 Z=950.000) RuntimeGrid:None EditorOnly:0 RuntimeOnly:0 HLODRelevant:1 ListedInSceneOutliner:1 IsMainWorldOnly:0 FolderPath:Playground FolderGuid:CDC3EA2D424DF73175D386948543BF31
 |   |   |- [+] [ 12]
 |   |   |   |- Guid:97FF78FB4EC8F13EF6751DB180B1CE46 BaseClass: NativeClass:/Script/Engine.DirectionalLight Name:DirectionalLight_0 Label:DirectionalLight SpatiallyLoaded:0 Bounds:Invalid RuntimeGrid:None EditorOnly:0 RuntimeOnly:0 HLODRelevant:0 ListedInSceneOutliner:1 IsMainWorldOnly:0 FolderPath:Lighting FolderGuid:D9E1224C415FCB205E4105B3245ADAAB
 |   |   |- [+] [ 13]
 |   |   |   |- Guid:9FC0E5A04B5C426BD8398396952183D3 BaseClass: NativeClass:/Script/Engine.StaticMeshActor Name:StaticMeshActor_0 Label:SM_Cube SpatiallyLoaded:1 Bounds:IsValid=true, Min=(X=0.000 Y=0.000 Z=-50.000), Max=(X=3000.000 Y=3500.000 Z=0.000) RuntimeGrid:None EditorOnly:0 RuntimeOnly:0 HLODRelevant:1 ListedInSceneOutliner:1 IsMainWorldOnly:0 FolderPath:Playground FolderGuid:CDC3EA2D424DF73175D386948543BF31
 |   |   |- [+] [ 14]
 |   |   |   |- Guid:A193674B480A39A47551D39FB4DFCD99 BaseClass: NativeClass:/Script/Engine.StaticMeshActor Name:StaticMeshActor_UAID_A4AE111137DC5FFB00_1159438599 Label:SM_SkySphere SpatiallyLoaded:0 Bounds:IsValid=true, Min=(X=-1638400.000 Y=-1638400.000 Z=-1638400.000), Max=(X=1638400.000 Y=1638400.000 Z=1638400.000) RuntimeGrid:None EditorOnly:0 RuntimeOnly:0 HLODRelevant:0 ListedInSceneOutliner:1 IsMainWorldOnly:0 FolderPath:Lighting FolderGuid:D9E1224C415FCB205E4105B3245ADAAB
 |   |   |- [+] [ 15]
 |   |   |   |- Guid:A9243C3C4BA85D527D72E4AB5F12F9D6 BaseClass: NativeClass:/Script/Engine.StaticMeshActor Name:StaticMeshActor_UAID_04BF1B6710836C5D02_1403501712 Label:SM_Cube2 SpatiallyLoaded:1 Bounds:IsValid=true, Min=(X=-50.000 Y=0.000 Z=-50.000), Max=(X=0.000 Y=3500.000 Z=950.000) RuntimeGrid:None EditorOnly:0 RuntimeOnly:0 HLODRelevant:1 ListedInSceneOutliner:1 IsMainWorldOnly:0 FolderPath:Playground FolderGuid:CDC3EA2D424DF73175D386948543BF31
 |   |   |- [+] [ 16]
 |   |   |   |- Guid:B326783D46A6A43F55CCC9AB2A4C1863 BaseClass: NativeClass:/Script/Engine.VolumetricCloud Name:VolumetricCloud_0 Label:VolumetricCloud SpatiallyLoaded:0 Bounds:IsValid=true, Min=(X=0.000 Y=0.000 Z=820.000), Max=(X=0.000 Y=0.000 Z=820.000) RuntimeGrid:None EditorOnly:0 RuntimeOnly:0 HLODRelevant:0 ListedInSceneOutliner:1 IsMainWorldOnly:0 FolderPath:Lighting FolderGuid:D9E1224C415FCB205E4105B3245ADAAB
 |   |   |- [+] [ 17]
 |   |   |   |- Guid:D00F340541C4F1D2B4DF6D8B6B9C33AF BaseClass:/Game/ClassShooterAssets/Blueprints/Weapons/BPGrenadeLauncher1.BPGrenadeLauncher1_C NativeClass:/Script/ClassShooter.GrenadeLauncher Name:BPGrenadeLauncher1_C_UAID_BCF4D43E2F2A15BF02_1202693888 Label:BPGrenadeLauncher1 SpatiallyLoaded:1 Bounds:IsValid=true, Min=(X=1793.819 Y=1937.698 Z=-80.000), Max=(X=1981.182 Y=2221.698 Z=80.000) RuntimeGrid:None EditorOnly:0 RuntimeOnly:0 HLODRelevant:0 ListedInSceneOutliner:1 IsMainWorldOnly:0
 |   |   |- [+] [ 18]
 |   |   |   |- Guid:D749795B47E2F6FD3046BAB01C0C7EF7 BaseClass: NativeClass:/Script/Engine.StaticMeshActor Name:StaticMeshActor_UAID_04BF1B6710836C5D02_1454232713 Label:SM_Cube3 SpatiallyLoaded:1 Bounds:IsValid=true, Min=(X=-0.000 Y=-0.000 Z=-50.000), Max=(X=3000.000 Y=50.000 Z=950.000) RuntimeGrid:None EditorOnly:0 RuntimeOnly:0 HLODRelevant:1 ListedInSceneOutliner:1 IsMainWorldOnly:0 FolderPath:Playground FolderGuid:CDC3EA2D424DF73175D386948543BF31
 |   |   |- [+] [ 19]
 |   |   |   |- Guid:D7F7594046FB04B31B38D6BE1A90C679 BaseClass:/Game/ClassShooterAssets/Blueprints/Weapons/BPSMG.BPSMG_C NativeClass:/Script/ClassShooter.AssaultRifle Name:BPSMG_C_UAID_BCF4D43E2F2A15BF02_1213542892 Label:BPSMG SpatiallyLoaded:1 Bounds:IsValid=true, Min=(X=1671.198 Y=2382.996 Z=-80.000), Max=(X=1831.198 Y=2541.036 Z=80.000) RuntimeGrid:None EditorOnly:0 RuntimeOnly:0 HLODRelevant:0 ListedInSceneOutliner:1 IsMainWorldOnly:0
 |   |   |- [+] [ 20]
 |   |   |   |- Guid:D7F9B66C4F82E306A5A2B78F881C7835 BaseClass:/Game/ClassShooterAssets/Blueprints/Characters/BPStealthCharacter.BPStealthCharacter_C NativeClass:/Script/ClassShooter.StealthCharacter Name:BPStealthCharacter_C_UAID_BCF4D43E2F2ACBBD02_1243229807 Label:BPStealthCharacter SpatiallyLoaded:1 Bounds:IsValid=true, Min=(X=2184.769 Y=2000.456 Z=-54.381), Max=(X=2535.834 Y=2504.824 Z=263.117) RuntimeGrid:None EditorOnly:0 RuntimeOnly:0 HLODRelevant:0 ListedInSceneOutliner:1 IsMainWorldOnly:0
 |   |   |- [+] [ 21]
 |   |   |   |- Guid:F3CCB1CE4AB5BF0A3AE318B9B9B63A18 BaseClass: NativeClass:/Script/Engine.PlayerStart Name:PlayerStart_UAID_04BF1B671083FB6402_1326770271 Label:PlayerStart2 SpatiallyLoaded:0 Bounds:IsValid=true, Min=(X=1565.814 Y=1966.050 Z=0.013), Max=(X=1645.814 Y=2046.050 Z=184.013) RuntimeGrid:None EditorOnly:0 RuntimeOnly:0 HLODRelevant:0 ListedInSceneOutliner:1 IsMainWorldOnly:0
 |- ContainerInstances:
 |- [+] MainContainer:
 |   |-        ID: 00000000000000000000000000000000
 |   |-  ParentID: 00000000000000000000000000000000
 |   |-    Bounds: IsValid=false, Min=(X=0.000 Y=0.000 Z=0.000), Max=(X=0.000 Y=0.000 Z=0.000)
 |   |- Transform: 0.000000,0.000000,0.000000|0.000000,0.000000,-0.000000|1.000000,1.000000,1.000000
 |   |- Container: /Game/ClassShooterAssets/Maps/FirstPersonMap
----------------------------------------------------------------------------------------------------------------
FirstPersonMap - Persistent Level
----------------------------------------------------------------------------------------------------------------
[+] Content of FirstPersonMap Persistent Level
 |- Always loaded Actor Count: 22 
 |- Actor Path: /Game/ClassShooterAssets/Maps/FirstPersonMap.FirstPersonMap:PersistentLevel.BPAssaultRifle1_C_UAID_BCF4D43E2F2A11BF02_1491948183
 |- Actor Package: /Game/__ExternalActors__/ClassShooterAssets/Maps/FirstPersonMap/F/54/KY41MC8780TCX56UATHIQI
 |- Actor Path: /Game/ClassShooterAssets/Maps/FirstPersonMap.FirstPersonMap:PersistentLevel.BPGrenadeLauncher1_C_UAID_BCF4D43E2F2A15BF02_1202693888
 |- Actor Package: /Game/__ExternalActors__/ClassShooterAssets/Maps/FirstPersonMap/9/MV/OAV2X0OW4PZEACPRAD75HQ
 |- Actor Path: /Game/ClassShooterAssets/Maps/FirstPersonMap.FirstPersonMap:PersistentLevel.BPPistol1_C_UAID_BCF4D43E2F2A15BF02_1205641889
 |- Actor Package: /Game/__ExternalActors__/ClassShooterAssets/Maps/FirstPersonMap/2/73/SGVRKNXO459SMVM6GWYASX
 |- Actor Path: /Game/ClassShooterAssets/Maps/FirstPersonMap.FirstPersonMap:PersistentLevel.BPShotgun1_C_UAID_BCF4D43E2F2A15BF02_1211885891
 |- Actor Package: /Game/__ExternalActors__/ClassShooterAssets/Maps/FirstPersonMap/C/W6/1H12LLX5YYN3D008YMK61B
 |- Actor Path: /Game/ClassShooterAssets/Maps/FirstPersonMap.FirstPersonMap:PersistentLevel.BPSMG_C_UAID_BCF4D43E2F2A15BF02_1213542892
 |- Actor Package: /Game/__ExternalActors__/ClassShooterAssets/Maps/FirstPersonMap/F/11/N230LT3SX2Z61Q6GV2SXO1
 |- Actor Path: /Game/ClassShooterAssets/Maps/FirstPersonMap.FirstPersonMap:PersistentLevel.BPSniperRifle1_C_UAID_BCF4D43E2F2A15BF02_1216145893
 |- Actor Package: /Game/__ExternalActors__/ClassShooterAssets/Maps/FirstPersonMap/7/1Y/BEKQKFXUME0NKQ6AD7M8BA
 |- Actor Path: /Game/ClassShooterAssets/Maps/FirstPersonMap.FirstPersonMap:PersistentLevel.BPStealthCharacter_C_UAID_BCF4D43E2F2ACBBD02_1243229807
 |- Actor Package: /Game/__ExternalActors__/ClassShooterAssets/Maps/FirstPersonMap/2/UZ/FJRWZRU7RME3L9JK256EXU
 |- Actor Path: /Game/ClassShooterAssets/Maps/FirstPersonMap.FirstPersonMap:PersistentLevel.DirectionalLight_0
 |- Actor Package: /Game/__ExternalActors__/ClassShooterAssets/Maps/FirstPersonMap/8/8Y/ORQQQ4HL5V4IYEXUOZ8HZG
 |- Actor Path: /Game/ClassShooterAssets/Maps/FirstPersonMap.FirstPersonMap:PersistentLevel.ExponentialHeightFog_0
 |- Actor Package: /Game/__ExternalActors__/ClassShooterAssets/Maps/FirstPersonMap/3/OB/1SD64WHYGF3FX00GWYS7PT
 |- Actor Path: /Game/ClassShooterAssets/Maps/FirstPersonMap.FirstPersonMap:PersistentLevel.PlayerStart_UAID_04BF1B671083FB6402_1326770271
 |- Actor Package: /Game/__ExternalActors__/ClassShooterAssets/Maps/FirstPersonMap/0/V2/G94EA3YA3EGAIUDS8531WK
 |- Actor Path: /Game/ClassShooterAssets/Maps/FirstPersonMap.FirstPersonMap:PersistentLevel.PostProcessVolume_0
 |- Actor Package: /Game/__ExternalActors__/ClassShooterAssets/Maps/FirstPersonMap/0/UT/AQST7RKUO9IK5456PW3KNI
 |- Actor Path: /Game/ClassShooterAssets/Maps/FirstPersonMap.FirstPersonMap:PersistentLevel.SkyAtmosphere_0
 |- Actor Package: /Game/__ExternalActors__/ClassShooterAssets/Maps/FirstPersonMap/1/EB/KE7JVL8777G7GORDRY8GW3
 |- Actor Path: /Game/ClassShooterAssets/Maps/FirstPersonMap.FirstPersonMap:PersistentLevel.SkyLight_0
 |- Actor Package: /Game/__ExternalActors__/ClassShooterAssets/Maps/FirstPersonMap/C/6K/UW47A0M1AYX9DHDY8TDZW5
 |- Actor Path: /Game/ClassShooterAssets/Maps/FirstPersonMap.FirstPersonMap:PersistentLevel.StaticMeshActor_0
 |- Actor Package: /Game/__ExternalActors__/ClassShooterAssets/Maps/FirstPersonMap/D/CS/WLAJX2OBQJOTFZ1XMD1IVQ
 |- Actor Path: /Game/ClassShooterAssets/Maps/FirstPersonMap.FirstPersonMap:PersistentLevel.StaticMeshActor_UAID_04BF1B6710836C5D02_1403501712
 |- Actor Package: /Game/__ExternalActors__/ClassShooterAssets/Maps/FirstPersonMap/0/RG/P3088DWF6Q8L6KWXGSM1TU
 |- Actor Path: /Game/ClassShooterAssets/Maps/FirstPersonMap.FirstPersonMap:PersistentLevel.StaticMeshActor_UAID_04BF1B6710836C5D02_1454232713
 |- Actor Package: /Game/__ExternalActors__/ClassShooterAssets/Maps/FirstPersonMap/1/MD/AI21XY2AF878IID92C3KLI
 |- Actor Path: /Game/ClassShooterAssets/Maps/FirstPersonMap.FirstPersonMap:PersistentLevel.StaticMeshActor_UAID_04BF1B6710836C5D02_1468245714
 |- Actor Package: /Game/__ExternalActors__/ClassShooterAssets/Maps/FirstPersonMap/B/K7/LW5L8VLU22AVUGY0YVA12J
 |- Actor Path: /Game/ClassShooterAssets/Maps/FirstPersonMap.FirstPersonMap:PersistentLevel.StaticMeshActor_UAID_04BF1B6710836C5D02_1512679715
 |- Actor Package: /Game/__ExternalActors__/ClassShooterAssets/Maps/FirstPersonMap/C/X7/3FAA42SRXLMDWWGP9HEAAX
 |- Actor Path: /Game/ClassShooterAssets/Maps/FirstPersonMap.FirstPersonMap:PersistentLevel.StaticMeshActor_UAID_A4AE111137DC5FFB00_1159438599
 |- Actor Package: /Game/__ExternalActors__/ClassShooterAssets/Maps/FirstPersonMap/0/SI/VHCWBN36WSEPV02E5PMU42
 |- Actor Path: /Game/ClassShooterAssets/Maps/FirstPersonMap.FirstPersonMap:PersistentLevel.TextRenderActor_0
 |- Actor Package: /Game/__ExternalActors__/ClassShooterAssets/Maps/FirstPersonMap/B/80/DI7IYQ3AEUJF5VGZ78SDAA
 |- Actor Path: /Game/ClassShooterAssets/Maps/FirstPersonMap.FirstPersonMap:PersistentLevel.VolumetricCloud_0
 |- Actor Package: /Game/__ExternalActors__/ClassShooterAssets/Maps/FirstPersonMap/2/33/JOI45UMRV9OPKSLSIOQDDG
 |- Actor Path: /Game/ClassShooterAssets/Maps/FirstPersonMap.FirstPersonMap:PersistentLevel.WorldDataLayers
 |- Actor Package: /Game/__ExternalActors__/ClassShooterAssets/Maps/FirstPersonMap/2/KE/FA1INZNZPN1PJ3EEPYP29N

----------------------------------------------------------------------------------------------------------------
FirstPersonMap - Runtime Hash Set
----------------------------------------------------------------------------------------------------------------

